{"/media/mohamed/Local/Projects/node/node-microservices/ticketing/orders/src/app.ts": {"path":"/media/mohamed/Local/Projects/node/node-microservices/ticketing/orders/src/app.ts","statementMap":{"0":{"start":{"line":1,"column":0},"end":{"line":1,"column":30}},"1":{"start":{"line":2,"column":0},"end":{"line":2,"column":30}},"2":{"start":{"line":3,"column":0},"end":{"line":3,"column":37}},"3":{"start":{"line":4,"column":0},"end":{"line":4,"column":43}},"4":{"start":{"line":5,"column":0},"end":{"line":5,"column":28}},"5":{"start":{"line":6,"column":0},"end":{"line":6,"column":93}},"6":{"start":{"line":8,"column":0},"end":{"line":8,"column":46}},"7":{"start":{"line":9,"column":0},"end":{"line":9,"column":48}},"8":{"start":{"line":10,"column":0},"end":{"line":10,"column":44}},"9":{"start":{"line":11,"column":0},"end":{"line":11,"column":52}},"10":{"start":{"line":14,"column":12},"end":{"line":14,"column":21}},"11":{"start":{"line":31,"column":9},"end":{"line":31,"column":12}},"12":{"start":{"line":16,"column":0},"end":{"line":16,"column":29}},"13":{"start":{"line":17,"column":0},"end":{"line":17,"column":27}},"14":{"start":{"line":18,"column":0},"end":{"line":18,"column":81}},"15":{"start":{"line":19,"column":0},"end":{"line":19,"column":28}},"16":{"start":{"line":20,"column":0},"end":{"line":20,"column":21}},"17":{"start":{"line":21,"column":0},"end":{"line":21,"column":24}},"18":{"start":{"line":22,"column":0},"end":{"line":22,"column":25}},"19":{"start":{"line":23,"column":0},"end":{"line":23,"column":26}},"20":{"start":{"line":24,"column":0},"end":{"line":24,"column":27}},"21":{"start":{"line":25,"column":0},"end":{"line":27,"column":3}},"22":{"start":{"line":25,"column":13},"end":{"line":27,"column":2}},"23":{"start":{"line":26,"column":2},"end":{"line":26,"column":28}},"24":{"start":{"line":29,"column":0},"end":{"line":29,"column":22}}},"fnMap":{"0":{"name":"(anonymous_14)","decl":{"start":{"line":25,"column":13},"end":{"line":25,"column":null}},"loc":{"start":{"line":25,"column":13},"end":{"line":27,"column":2}}}},"branchMap":{},"s":{"0":4,"1":4,"2":4,"3":4,"4":4,"5":4,"6":4,"7":4,"8":4,"9":4,"10":4,"11":4,"12":4,"13":4,"14":4,"15":4,"16":4,"17":4,"18":4,"19":4,"20":4,"21":4,"22":0,"23":0,"24":4},"f":{"0":0},"b":{}}
,"/media/mohamed/Local/Projects/node/node-microservices/ticketing/orders/src/events/listeners/expiration-complete-listener.ts": {"path":"/media/mohamed/Local/Projects/node/node-microservices/ticketing/orders/src/events/listeners/expiration-complete-listener.ts","statementMap":{"0":{"start":{"line":1,"column":0},"end":{"line":1,"column":97}},"1":{"start":{"line":3,"column":0},"end":{"line":3,"column":43}},"2":{"start":{"line":5,"column":0},"end":{"line":5,"column":49}},"3":{"start":{"line":6,"column":0},"end":{"line":6,"column":82}},"4":{"start":{"line":7,"column":0},"end":{"line":7,"column":52}},"5":{"start":{"line":9,"column":0},"end":{"line":9,"column":81}},"6":{"start":{"line":9,"column":48},"end":{"line":9,"column":56}},"7":{"start":{"line":9,"column":0},"end":{"line":9,"column":13}},"8":{"start":{"line":10,"column":2},"end":{"line":10,"column":69}},"9":{"start":{"line":11,"column":2},"end":{"line":11,"column":42}},"10":{"start":{"line":13,"column":8},"end":{"line":38,"column":null}},"11":{"start":{"line":14,"column":18},"end":{"line":14,"column":null}},"12":{"start":{"line":14,"column":10},"end":{"line":14,"column":null}},"13":{"start":{"line":16,"column":4},"end":{"line":18,"column":null}},"14":{"start":{"line":17,"column":6},"end":{"line":17,"column":41}},"15":{"start":{"line":20,"column":4},"end":{"line":23,"column":null}},"16":{"start":{"line":21,"column":6},"end":{"line":21,"column":16}},"17":{"start":{"line":22,"column":6},"end":{"line":22,"column":13}},"18":{"start":{"line":25,"column":4},"end":{"line":25,"column":40}},"19":{"start":{"line":27,"column":4},"end":{"line":27,"column":23}},"20":{"start":{"line":29,"column":4},"end":{"line":35,"column":7}},"21":{"start":{"line":37,"column":4},"end":{"line":37,"column":14}},"22":{"start":{"line":40,"column":0},"end":{"line":40,"column":null}},"23":{"start":{"line":9,"column":13},"end":{"line":9,"column":39}}},"fnMap":{"0":{"name":"(anonymous_19)","decl":{"start":{"line":9,"column":0},"end":{"line":9,"column":13}},"loc":{"start":{"line":9,"column":0},"end":{"line":40,"column":null}}},"1":{"name":"(anonymous_21)","decl":{"start":{"line":13,"column":2},"end":{"line":13,"column":8}},"loc":{"start":{"line":13,"column":69},"end":{"line":38,"column":null}}}},"branchMap":{"0":{"loc":{"start":{"line":9,"column":0},"end":{"line":9,"column":13}},"type":"binary-expr","locations":[{"start":{"line":9,"column":0},"end":{"line":9,"column":13}},{"start":{"line":9,"column":0},"end":{"line":9,"column":13}},{"start":{"line":9,"column":0},"end":{"line":9,"column":13}}]},"1":{"loc":{"start":{"line":14,"column":18},"end":{"line":14,"column":null}},"type":"switch","locations":[{"start":{"line":14,"column":18},"end":{"line":14,"column":null}}]},"2":{"loc":{"start":{"line":16,"column":4},"end":{"line":18,"column":null}},"type":"if","locations":[{"start":{"line":16,"column":4},"end":{"line":18,"column":null}},{"start":{"line":16,"column":4},"end":{"line":18,"column":null}}]},"3":{"loc":{"start":{"line":20,"column":4},"end":{"line":23,"column":null}},"type":"if","locations":[{"start":{"line":20,"column":4},"end":{"line":23,"column":null}},{"start":{"line":20,"column":4},"end":{"line":23,"column":null}}]}},"s":{"0":1,"1":1,"2":1,"3":1,"4":1,"5":1,"6":1,"7":3,"8":3,"9":3,"10":1,"11":3,"12":3,"13":3,"14":0,"15":3,"16":0,"17":0,"18":3,"19":6,"20":6,"21":3,"22":1,"23":1},"f":{"0":4,"1":3},"b":{"0":[3,3,3],"1":[3],"2":[0,3],"3":[0,3]}}
,"/media/mohamed/Local/Projects/node/node-microservices/ticketing/orders/src/events/listeners/queue-group-name.ts": {"path":"/media/mohamed/Local/Projects/node/node-microservices/ticketing/orders/src/events/listeners/queue-group-name.ts","statementMap":{"0":{"start":{"line":1,"column":13},"end":{"line":1,"column":47}}},"fnMap":{},"branchMap":{},"s":{"0":3},"f":{},"b":{}}
,"/media/mohamed/Local/Projects/node/node-microservices/ticketing/orders/src/events/listeners/ticket-created-listener.ts": {"path":"/media/mohamed/Local/Projects/node/node-microservices/ticketing/orders/src/events/listeners/ticket-created-listener.ts","statementMap":{"0":{"start":{"line":1,"column":0},"end":{"line":1,"column":79}},"1":{"start":{"line":3,"column":0},"end":{"line":3,"column":45}},"2":{"start":{"line":4,"column":0},"end":{"line":4,"column":52}},"3":{"start":{"line":6,"column":0},"end":{"line":6,"column":71}},"4":{"start":{"line":6,"column":43},"end":{"line":6,"column":51}},"5":{"start":{"line":6,"column":0},"end":{"line":6,"column":13}},"6":{"start":{"line":7,"column":2},"end":{"line":7,"column":59}},"7":{"start":{"line":8,"column":2},"end":{"line":8,"column":42}},"8":{"start":{"line":9,"column":8},"end":{"line":20,"column":4}},"9":{"start":{"line":10,"column":12},"end":{"line":10,"column":33}},"10":{"start":{"line":11,"column":10},"end":{"line":15,"column":7}},"11":{"start":{"line":17,"column":4},"end":{"line":17,"column":24}},"12":{"start":{"line":19,"column":4},"end":{"line":19,"column":14}},"13":{"start":{"line":22,"column":0},"end":{"line":22,"column":null}},"14":{"start":{"line":6,"column":13},"end":{"line":6,"column":34}}},"fnMap":{"0":{"name":"(anonymous_19)","decl":{"start":{"line":6,"column":0},"end":{"line":6,"column":13}},"loc":{"start":{"line":6,"column":0},"end":{"line":22,"column":null}}},"1":{"name":"(anonymous_21)","decl":{"start":{"line":9,"column":2},"end":{"line":9,"column":8}},"loc":{"start":{"line":9,"column":64},"end":{"line":20,"column":4}}}},"branchMap":{"0":{"loc":{"start":{"line":6,"column":0},"end":{"line":6,"column":13}},"type":"binary-expr","locations":[{"start":{"line":6,"column":0},"end":{"line":6,"column":13}},{"start":{"line":6,"column":0},"end":{"line":6,"column":13}},{"start":{"line":6,"column":0},"end":{"line":6,"column":13}}]}},"s":{"0":1,"1":1,"2":1,"3":1,"4":1,"5":2,"6":2,"7":2,"8":1,"9":2,"10":2,"11":4,"12":2,"13":1,"14":1},"f":{"0":3,"1":2},"b":{"0":[2,2,2]}}
,"/media/mohamed/Local/Projects/node/node-microservices/ticketing/orders/src/events/listeners/ticket-updated-listener.ts": {"path":"/media/mohamed/Local/Projects/node/node-microservices/ticketing/orders/src/events/listeners/ticket-updated-listener.ts","statementMap":{"0":{"start":{"line":1,"column":0},"end":{"line":1,"column":99}},"1":{"start":{"line":3,"column":0},"end":{"line":3,"column":45}},"2":{"start":{"line":4,"column":0},"end":{"line":4,"column":52}},"3":{"start":{"line":6,"column":0},"end":{"line":6,"column":71}},"4":{"start":{"line":6,"column":43},"end":{"line":6,"column":51}},"5":{"start":{"line":6,"column":0},"end":{"line":6,"column":13}},"6":{"start":{"line":7,"column":2},"end":{"line":7,"column":59}},"7":{"start":{"line":8,"column":2},"end":{"line":8,"column":42}},"8":{"start":{"line":9,"column":8},"end":{"line":21,"column":4}},"9":{"start":{"line":10,"column":19},"end":{"line":10,"column":null}},"10":{"start":{"line":10,"column":10},"end":{"line":10,"column":null}},"11":{"start":{"line":12,"column":4},"end":{"line":14,"column":null}},"12":{"start":{"line":13,"column":6},"end":{"line":13,"column":42}},"13":{"start":{"line":16,"column":12},"end":{"line":16,"column":29}},"14":{"start":{"line":17,"column":4},"end":{"line":17,"column":33}},"15":{"start":{"line":18,"column":4},"end":{"line":18,"column":24}},"16":{"start":{"line":20,"column":4},"end":{"line":20,"column":14}},"17":{"start":{"line":23,"column":0},"end":{"line":23,"column":null}},"18":{"start":{"line":6,"column":13},"end":{"line":6,"column":34}}},"fnMap":{"0":{"name":"(anonymous_19)","decl":{"start":{"line":6,"column":0},"end":{"line":6,"column":13}},"loc":{"start":{"line":6,"column":0},"end":{"line":23,"column":null}}},"1":{"name":"(anonymous_21)","decl":{"start":{"line":9,"column":2},"end":{"line":9,"column":8}},"loc":{"start":{"line":9,"column":64},"end":{"line":21,"column":4}}}},"branchMap":{"0":{"loc":{"start":{"line":6,"column":0},"end":{"line":6,"column":13}},"type":"binary-expr","locations":[{"start":{"line":6,"column":0},"end":{"line":6,"column":13}},{"start":{"line":6,"column":0},"end":{"line":6,"column":13}},{"start":{"line":6,"column":0},"end":{"line":6,"column":13}}]},"1":{"loc":{"start":{"line":10,"column":19},"end":{"line":10,"column":null}},"type":"switch","locations":[{"start":{"line":10,"column":19},"end":{"line":10,"column":null}}]},"2":{"loc":{"start":{"line":12,"column":4},"end":{"line":14,"column":null}},"type":"if","locations":[{"start":{"line":12,"column":4},"end":{"line":14,"column":null}},{"start":{"line":12,"column":4},"end":{"line":14,"column":null}}]}},"s":{"0":1,"1":1,"2":1,"3":1,"4":1,"5":3,"6":3,"7":3,"8":1,"9":3,"10":3,"11":3,"12":1,"13":2,"14":2,"15":4,"16":2,"17":1,"18":1},"f":{"0":4,"1":3},"b":{"0":[3,3,3],"1":[3],"2":[1,2]}}
,"/media/mohamed/Local/Projects/node/node-microservices/ticketing/orders/src/events/publishers/order-cancelled-publisher.ts": {"path":"/media/mohamed/Local/Projects/node/node-microservices/ticketing/orders/src/events/publishers/order-cancelled-publisher.ts","statementMap":{"0":{"start":{"line":1,"column":0},"end":{"line":1,"column":81}},"1":{"start":{"line":3,"column":0},"end":{"line":3,"column":75}},"2":{"start":{"line":3,"column":45},"end":{"line":3,"column":54}},"3":{"start":{"line":3,"column":0},"end":{"line":3,"column":13}},"4":{"start":{"line":4,"column":2},"end":{"line":4,"column":61}},"5":{"start":{"line":5,"column":0},"end":{"line":5,"column":null}},"6":{"start":{"line":3,"column":13},"end":{"line":3,"column":36}}},"fnMap":{"0":{"name":"(anonymous_6)","decl":{"start":{"line":3,"column":0},"end":{"line":3,"column":13}},"loc":{"start":{"line":3,"column":0},"end":{"line":5,"column":null}}}},"branchMap":{"0":{"loc":{"start":{"line":3,"column":0},"end":{"line":3,"column":13}},"type":"binary-expr","locations":[{"start":{"line":3,"column":0},"end":{"line":3,"column":13}},{"start":{"line":3,"column":0},"end":{"line":3,"column":13}},{"start":{"line":3,"column":0},"end":{"line":3,"column":13}}]}},"s":{"0":5,"1":5,"2":5,"3":5,"4":5,"5":5,"6":5},"f":{"0":10},"b":{"0":[5,5,5]}}
,"/media/mohamed/Local/Projects/node/node-microservices/ticketing/orders/src/events/publishers/order-created-publisher.ts": {"path":"/media/mohamed/Local/Projects/node/node-microservices/ticketing/orders/src/events/publishers/order-created-publisher.ts","statementMap":{"0":{"start":{"line":1,"column":0},"end":{"line":1,"column":79}},"1":{"start":{"line":4,"column":0},"end":{"line":4,"column":71}},"2":{"start":{"line":4,"column":43},"end":{"line":4,"column":52}},"3":{"start":{"line":4,"column":0},"end":{"line":4,"column":13}},"4":{"start":{"line":5,"column":2},"end":{"line":5,"column":57}},"5":{"start":{"line":6,"column":0},"end":{"line":6,"column":null}},"6":{"start":{"line":4,"column":13},"end":{"line":4,"column":34}}},"fnMap":{"0":{"name":"(anonymous_6)","decl":{"start":{"line":4,"column":0},"end":{"line":4,"column":13}},"loc":{"start":{"line":4,"column":0},"end":{"line":6,"column":null}}}},"branchMap":{"0":{"loc":{"start":{"line":4,"column":0},"end":{"line":4,"column":13}},"type":"binary-expr","locations":[{"start":{"line":4,"column":0},"end":{"line":4,"column":13}},{"start":{"line":4,"column":0},"end":{"line":4,"column":13}},{"start":{"line":4,"column":0},"end":{"line":4,"column":13}}]}},"s":{"0":4,"1":4,"2":4,"3":9,"4":9,"5":4,"6":4},"f":{"0":13},"b":{"0":[9,9,9]}}
,"/media/mohamed/Local/Projects/node/node-microservices/ticketing/orders/src/models/order.ts": {"path":"/media/mohamed/Local/Projects/node/node-microservices/ticketing/orders/src/models/order.ts","statementMap":{"0":{"start":{"line":1,"column":0},"end":{"line":1,"column":32}},"1":{"start":{"line":2,"column":0},"end":{"line":2,"column":9}},"2":{"start":{"line":60,"column":9},"end":{"line":2,"column":52}},"3":{"start":{"line":4,"column":0},"end":{"line":4,"column":67}},"4":{"start":{"line":25,"column":20},"end":{"line":50,"column":2}},"5":{"start":{"line":46,"column":6},"end":{"line":46,"column":23}},"6":{"start":{"line":47,"column":6},"end":{"line":47,"column":21}},"7":{"start":{"line":52,"column":0},"end":{"line":54,"column":null}},"8":{"start":{"line":53,"column":2},"end":{"line":53,"column":26}},"9":{"start":{"line":56,"column":0},"end":{"line":56,"column":41}},"10":{"start":{"line":57,"column":0},"end":{"line":57,"column":42}},"11":{"start":{"line":59,"column":13},"end":{"line":59,"column":80}}},"fnMap":{"0":{"name":"(anonymous_1)","decl":{"start":{"line":60,"column":9},"end":{"line":60,"column":20}},"loc":{"start":{"line":60,"column":9},"end":{"line":2,"column":52}}},"1":{"name":"(anonymous_2)","decl":{"start":{"line":45,"column":15},"end":{"line":45,"column":16}},"loc":{"start":{"line":45,"column":24},"end":{"line":48,"column":5}}},"2":{"name":"(anonymous_3)","decl":{"start":{"line":52,"column":28},"end":{"line":52,"column":29}},"loc":{"start":{"line":52,"column":46},"end":{"line":54,"column":1}}}},"branchMap":{},"s":{"0":7,"1":7,"2":46,"3":7,"4":7,"5":14,"6":14,"7":7,"8":13,"9":7,"10":7,"11":7},"f":{"0":39,"1":14,"2":13},"b":{}}
,"/media/mohamed/Local/Projects/node/node-microservices/ticketing/orders/src/models/ticket.ts": {"path":"/media/mohamed/Local/Projects/node/node-microservices/ticketing/orders/src/models/ticket.ts","statementMap":{"0":{"start":{"line":1,"column":0},"end":{"line":1,"column":32}},"1":{"start":{"line":2,"column":0},"end":{"line":2,"column":45}},"2":{"start":{"line":3,"column":0},"end":{"line":3,"column":67}},"3":{"start":{"line":24,"column":21},"end":{"line":41,"column":2}},"4":{"start":{"line":37,"column":6},"end":{"line":37,"column":23}},"5":{"start":{"line":38,"column":6},"end":{"line":38,"column":21}},"6":{"start":{"line":43,"column":0},"end":{"line":49,"column":2}},"7":{"start":{"line":43,"column":34},"end":{"line":43,"column":36}},"8":{"start":{"line":43,"column":41},"end":{"line":43,"column":43}},"9":{"start":{"line":43,"column":48},"end":{"line":43,"column":50}},"10":{"start":{"line":44,"column":2},"end":{"line":48,"column":5}},"11":{"start":{"line":51,"column":0},"end":{"line":56,"column":null}},"12":{"start":{"line":52,"column":2},"end":{"line":55,"column":5}},"13":{"start":{"line":58,"column":0},"end":{"line":67,"column":null}},"14":{"start":{"line":59,"column":24},"end":{"line":64,"column":null}},"15":{"start":{"line":59,"column":8},"end":{"line":64,"column":null}},"16":{"start":{"line":66,"column":2},"end":{"line":66,"column":25}},"17":{"start":{"line":69,"column":0},"end":{"line":69,"column":42}},"18":{"start":{"line":70,"column":0},"end":{"line":70,"column":43}},"19":{"start":{"line":72,"column":13},"end":{"line":72,"column":85}}},"fnMap":{"0":{"name":"(anonymous_14)","decl":{"start":{"line":36,"column":13},"end":{"line":36,"column":14}},"loc":{"start":{"line":36,"column":22},"end":{"line":39,"column":5}}},"1":{"name":"(anonymous_15)","decl":{"start":{"line":43,"column":29},"end":{"line":43,"column":30}},"loc":{"start":{"line":43,"column":50},"end":{"line":49,"column":1}}},"2":{"name":"(anonymous_16)","decl":{"start":{"line":51,"column":35},"end":{"line":51,"column":36}},"loc":{"start":{"line":51,"column":74},"end":{"line":56,"column":1}}},"3":{"name":"(anonymous_17)","decl":{"start":{"line":58,"column":34},"end":{"line":58,"column":null}},"loc":{"start":{"line":58,"column":34},"end":{"line":67,"column":null}}}},"branchMap":{"0":{"loc":{"start":{"line":59,"column":24},"end":{"line":64,"column":null}},"type":"switch","locations":[{"start":{"line":59,"column":24},"end":{"line":64,"column":null}}]}},"s":{"0":7,"1":7,"2":7,"3":7,"4":14,"5":14,"6":7,"7":18,"8":18,"9":18,"10":18,"11":7,"12":3,"13":7,"14":10,"15":10,"16":10,"17":7,"18":7,"19":7},"f":{"0":14,"1":18,"2":3,"3":10},"b":{"0":[10]}}
,"/media/mohamed/Local/Projects/node/node-microservices/ticketing/orders/src/routes/delete.ts": {"path":"/media/mohamed/Local/Projects/node/node-microservices/ticketing/orders/src/routes/delete.ts","statementMap":{"0":{"start":{"line":1,"column":0},"end":{"line":1,"column":87}},"1":{"start":{"line":2,"column":0},"end":{"line":2,"column":30}},"2":{"start":{"line":3,"column":0},"end":{"line":3,"column":89}},"3":{"start":{"line":4,"column":0},"end":{"line":4,"column":53}},"4":{"start":{"line":5,"column":0},"end":{"line":5,"column":46}},"5":{"start":{"line":7,"column":15},"end":{"line":7,"column":31}},"6":{"start":{"line":37,"column":19},"end":{"line":37,"column":36}},"7":{"start":{"line":9,"column":0},"end":{"line":35,"column":3}},"8":{"start":{"line":9,"column":66},"end":{"line":35,"column":2}},"9":{"start":{"line":10,"column":10},"end":{"line":10,"column":22}},"10":{"start":{"line":12,"column":16},"end":{"line":12,"column":null}},"11":{"start":{"line":12,"column":8},"end":{"line":12,"column":null}},"12":{"start":{"line":14,"column":2},"end":{"line":16,"column":null}},"13":{"start":{"line":15,"column":4},"end":{"line":15,"column":30}},"14":{"start":{"line":18,"column":2},"end":{"line":20,"column":null}},"15":{"start":{"line":19,"column":4},"end":{"line":19,"column":35}},"16":{"start":{"line":22,"column":2},"end":{"line":22,"column":38}},"17":{"start":{"line":24,"column":2},"end":{"line":24,"column":21}},"18":{"start":{"line":26,"column":2},"end":{"line":32,"column":5}},"19":{"start":{"line":34,"column":2},"end":{"line":34,"column":30}}},"fnMap":{"0":{"name":"(anonymous_14)","decl":{"start":{"line":9,"column":51},"end":{"line":9,"column":58}},"loc":{"start":{"line":9,"column":66},"end":{"line":35,"column":2}}},"1":{"name":"(anonymous_15)","decl":{"start":{"line":9,"column":66},"end":{"line":9,"column":null}},"loc":{"start":{"line":9,"column":66},"end":{"line":35,"column":2}}}},"branchMap":{"0":{"loc":{"start":{"line":14,"column":2},"end":{"line":16,"column":null}},"type":"if","locations":[{"start":{"line":14,"column":2},"end":{"line":16,"column":null}},{"start":{"line":14,"column":2},"end":{"line":16,"column":null}}]},"1":{"loc":{"start":{"line":18,"column":2},"end":{"line":20,"column":null}},"type":"if","locations":[{"start":{"line":18,"column":2},"end":{"line":20,"column":null}},{"start":{"line":18,"column":2},"end":{"line":20,"column":null}}]},"2":{"loc":{"start":{"line":18,"column":38},"end":{"line":18,"column":40}},"type":"cond-expr","locations":[{"start":{"line":18,"column":38},"end":{"line":18,"column":40}},{"start":{"line":18,"column":38},"end":{"line":18,"column":42}}]},"3":{"loc":{"start":{"line":18,"column":18},"end":{"line":18,"column":40}},"type":"binary-expr","locations":[{"start":{"line":18,"column":18},"end":{"line":18,"column":40}},{"start":{"line":18,"column":38},"end":{"line":18,"column":40}}]}},"s":{"0":4,"1":4,"2":4,"3":4,"4":4,"5":4,"6":4,"7":4,"8":2,"9":2,"10":2,"11":2,"12":2,"13":0,"14":2,"15":0,"16":2,"17":4,"18":2,"19":2},"f":{"0":2,"1":2},"b":{"0":[0,2],"1":[0,2],"2":[0,2],"3":[2,2]}}
,"/media/mohamed/Local/Projects/node/node-microservices/ticketing/orders/src/routes/index.ts": {"path":"/media/mohamed/Local/Projects/node/node-microservices/ticketing/orders/src/routes/index.ts","statementMap":{"0":{"start":{"line":1,"column":0},"end":{"line":1,"column":52}},"1":{"start":{"line":2,"column":0},"end":{"line":2,"column":30}},"2":{"start":{"line":3,"column":0},"end":{"line":3,"column":40}},"3":{"start":{"line":5,"column":15},"end":{"line":5,"column":31}},"4":{"start":{"line":12,"column":19},"end":{"line":12,"column":35}},"5":{"start":{"line":7,"column":0},"end":{"line":10,"column":3}},"6":{"start":{"line":7,"column":54},"end":{"line":10,"column":2}},"7":{"start":{"line":8,"column":17},"end":{"line":8,"column":null}},"8":{"start":{"line":8,"column":8},"end":{"line":8,"column":null}},"9":{"start":{"line":9,"column":2},"end":{"line":9,"column":19}}},"fnMap":{"0":{"name":"(anonymous_14)","decl":{"start":{"line":7,"column":39},"end":{"line":7,"column":46}},"loc":{"start":{"line":7,"column":54},"end":{"line":10,"column":2}}},"1":{"name":"(anonymous_15)","decl":{"start":{"line":7,"column":54},"end":{"line":7,"column":null}},"loc":{"start":{"line":7,"column":54},"end":{"line":10,"column":2}}}},"branchMap":{"0":{"loc":{"start":{"line":8,"column":17},"end":{"line":8,"column":null}},"type":"switch","locations":[{"start":{"line":8,"column":17},"end":{"line":8,"column":null}}]},"1":{"loc":{"start":{"line":8,"column":58},"end":{"line":8,"column":60}},"type":"cond-expr","locations":[{"start":{"line":8,"column":58},"end":{"line":8,"column":60}},{"start":{"line":8,"column":58},"end":{"line":8,"column":62}}]},"2":{"loc":{"start":{"line":8,"column":41},"end":{"line":8,"column":60}},"type":"binary-expr","locations":[{"start":{"line":8,"column":41},"end":{"line":8,"column":60}},{"start":{"line":8,"column":58},"end":{"line":8,"column":60}}]}},"s":{"0":4,"1":4,"2":4,"3":4,"4":4,"5":4,"6":1,"7":1,"8":1,"9":1},"f":{"0":1,"1":1},"b":{"0":[1],"1":[0,1],"2":[1,1]}}
,"/media/mohamed/Local/Projects/node/node-microservices/ticketing/orders/src/routes/new.ts": {"path":"/media/mohamed/Local/Projects/node/node-microservices/ticketing/orders/src/routes/new.ts","statementMap":{"0":{"start":{"line":1,"column":0},"end":{"line":1,"column":30}},"1":{"start":{"line":2,"column":0},"end":{"line":2,"column":114}},"2":{"start":{"line":3,"column":0},"end":{"line":3,"column":41}},"3":{"start":{"line":4,"column":0},"end":{"line":4,"column":32}},"4":{"start":{"line":5,"column":0},"end":{"line":5,"column":53}},"5":{"start":{"line":6,"column":0},"end":{"line":6,"column":40}},"6":{"start":{"line":7,"column":0},"end":{"line":7,"column":46}},"7":{"start":{"line":8,"column":0},"end":{"line":8,"column":85}},"8":{"start":{"line":10,"column":15},"end":{"line":10,"column":31}},"9":{"start":{"line":59,"column":19},"end":{"line":59,"column":33}},"10":{"start":{"line":11,"column":34},"end":{"line":11,"column":40}},"11":{"start":{"line":12,"column":0},"end":{"line":57,"column":3}},"12":{"start":{"line":18,"column":31},"end":{"line":18,"column":70}},"13":{"start":{"line":20,"column":17},"end":{"line":57,"column":2}},"14":{"start":{"line":21,"column":12},"end":{"line":21,"column":25}},"15":{"start":{"line":22,"column":19},"end":{"line":22,"column":null}},"16":{"start":{"line":22,"column":10},"end":{"line":22,"column":null}},"17":{"start":{"line":24,"column":4},"end":{"line":26,"column":null}},"18":{"start":{"line":25,"column":6},"end":{"line":25,"column":32}},"19":{"start":{"line":28,"column":8},"end":{"line":28,"column":35}},"20":{"start":{"line":28,"column":4},"end":{"line":30,"column":null}},"21":{"start":{"line":29,"column":6},"end":{"line":29,"column":62}},"22":{"start":{"line":32,"column":10},"end":{"line":32,"column":34}},"23":{"start":{"line":33,"column":4},"end":{"line":33,"column":79}},"24":{"start":{"line":35,"column":10},"end":{"line":40,"column":7}},"25":{"start":{"line":42,"column":4},"end":{"line":42,"column":23}},"26":{"start":{"line":44,"column":4},"end":{"line":54,"column":7}},"27":{"start":{"line":56,"column":4},"end":{"line":56,"column":32}}},"fnMap":{"0":{"name":"(anonymous_14)","decl":{"start":{"line":18,"column":12},"end":{"line":18,"column":13}},"loc":{"start":{"line":18,"column":26},"end":{"line":18,"column":39}}},"1":{"name":"(anonymous_15)","decl":{"start":{"line":20,"column":2},"end":{"line":20,"column":9}},"loc":{"start":{"line":20,"column":17},"end":{"line":57,"column":2}}},"2":{"name":"(anonymous_16)","decl":{"start":{"line":20,"column":17},"end":{"line":20,"column":null}},"loc":{"start":{"line":20,"column":17},"end":{"line":57,"column":2}}}},"branchMap":{"0":{"loc":{"start":{"line":24,"column":4},"end":{"line":26,"column":null}},"type":"if","locations":[{"start":{"line":24,"column":4},"end":{"line":26,"column":null}},{"start":{"line":24,"column":4},"end":{"line":26,"column":null}}]},"1":{"loc":{"start":{"line":28,"column":4},"end":{"line":30,"column":null}},"type":"if","locations":[{"start":{"line":28,"column":4},"end":{"line":30,"column":null}},{"start":{"line":28,"column":4},"end":{"line":30,"column":null}}]}},"s":{"0":4,"1":4,"2":4,"3":4,"4":4,"5":4,"6":4,"7":4,"8":4,"9":4,"10":4,"11":4,"12":11,"13":11,"14":11,"15":11,"16":11,"17":11,"18":1,"19":10,"20":10,"21":1,"22":9,"23":9,"24":9,"25":18,"26":9,"27":9},"f":{"0":11,"1":11,"2":11},"b":{"0":[1,10],"1":[1,9]}}
,"/media/mohamed/Local/Projects/node/node-microservices/ticketing/orders/src/routes/show.ts": {"path":"/media/mohamed/Local/Projects/node/node-microservices/ticketing/orders/src/routes/show.ts","statementMap":{"0":{"start":{"line":1,"column":0},"end":{"line":1,"column":87}},"1":{"start":{"line":2,"column":0},"end":{"line":2,"column":30}},"2":{"start":{"line":3,"column":0},"end":{"line":3,"column":40}},"3":{"start":{"line":5,"column":15},"end":{"line":5,"column":31}},"4":{"start":{"line":21,"column":19},"end":{"line":21,"column":34}},"5":{"start":{"line":7,"column":0},"end":{"line":19,"column":3}},"6":{"start":{"line":7,"column":63},"end":{"line":19,"column":2}},"7":{"start":{"line":8,"column":16},"end":{"line":8,"column":null}},"8":{"start":{"line":8,"column":8},"end":{"line":8,"column":null}},"9":{"start":{"line":10,"column":2},"end":{"line":12,"column":null}},"10":{"start":{"line":11,"column":4},"end":{"line":11,"column":30}},"11":{"start":{"line":14,"column":2},"end":{"line":16,"column":null}},"12":{"start":{"line":15,"column":4},"end":{"line":15,"column":35}},"13":{"start":{"line":18,"column":2},"end":{"line":18,"column":25}}},"fnMap":{"0":{"name":"(anonymous_14)","decl":{"start":{"line":7,"column":48},"end":{"line":7,"column":55}},"loc":{"start":{"line":7,"column":63},"end":{"line":19,"column":2}}},"1":{"name":"(anonymous_15)","decl":{"start":{"line":7,"column":63},"end":{"line":7,"column":null}},"loc":{"start":{"line":7,"column":63},"end":{"line":19,"column":2}}}},"branchMap":{"0":{"loc":{"start":{"line":8,"column":16},"end":{"line":8,"column":null}},"type":"switch","locations":[{"start":{"line":8,"column":16},"end":{"line":8,"column":null}}]},"1":{"loc":{"start":{"line":10,"column":2},"end":{"line":12,"column":null}},"type":"if","locations":[{"start":{"line":10,"column":2},"end":{"line":12,"column":null}},{"start":{"line":10,"column":2},"end":{"line":12,"column":null}}]},"2":{"loc":{"start":{"line":14,"column":2},"end":{"line":16,"column":null}},"type":"if","locations":[{"start":{"line":14,"column":2},"end":{"line":16,"column":null}},{"start":{"line":14,"column":2},"end":{"line":16,"column":null}}]},"3":{"loc":{"start":{"line":14,"column":38},"end":{"line":14,"column":40}},"type":"cond-expr","locations":[{"start":{"line":14,"column":38},"end":{"line":14,"column":40}},{"start":{"line":14,"column":38},"end":{"line":14,"column":42}}]},"4":{"loc":{"start":{"line":14,"column":18},"end":{"line":14,"column":40}},"type":"binary-expr","locations":[{"start":{"line":14,"column":18},"end":{"line":14,"column":40}},{"start":{"line":14,"column":38},"end":{"line":14,"column":40}}]}},"s":{"0":4,"1":4,"2":4,"3":4,"4":4,"5":4,"6":2,"7":2,"8":2,"9":2,"10":0,"11":2,"12":1,"13":1},"f":{"0":2,"1":2},"b":{"0":[2],"1":[0,2],"2":[1,1],"3":[0,2],"4":[2,2]}}
}
