TN:
SF:src/app.ts
FN:25,(anonymous_14)
FNF:1
FNH:0
FNDA:0,(anonymous_14)
DA:1,4
DA:2,4
DA:3,4
DA:4,4
DA:5,4
DA:6,4
DA:8,4
DA:9,4
DA:10,4
DA:11,4
DA:14,4
DA:16,4
DA:17,4
DA:18,4
DA:19,4
DA:20,4
DA:21,4
DA:22,4
DA:23,4
DA:24,4
DA:25,4
DA:26,0
DA:29,4
DA:31,4
LF:24
LH:23
BRF:0
BRH:0
end_of_record
TN:
SF:src/events/listeners/expiration-complete-listener.ts
FN:9,(anonymous_19)
FN:13,(anonymous_21)
FNF:2
FNH:2
FNDA:4,(anonymous_19)
FNDA:3,(anonymous_21)
DA:1,1
DA:3,1
DA:5,1
DA:6,1
DA:7,1
DA:9,3
DA:10,3
DA:11,3
DA:13,1
DA:14,3
DA:16,3
DA:17,0
DA:20,3
DA:21,0
DA:22,0
DA:25,3
DA:27,6
DA:29,6
DA:37,3
DA:40,1
LF:20
LH:17
BRDA:9,0,0,3
BRDA:9,0,1,3
BRDA:9,0,2,3
BRDA:14,1,0,3
BRDA:16,2,0,0
BRDA:16,2,1,3
BRDA:20,3,0,0
BRDA:20,3,1,3
BRF:8
BRH:6
end_of_record
TN:
SF:src/events/listeners/queue-group-name.ts
FNF:0
FNH:0
DA:1,3
LF:1
LH:1
BRF:0
BRH:0
end_of_record
TN:
SF:src/events/listeners/ticket-created-listener.ts
FN:6,(anonymous_19)
FN:9,(anonymous_21)
FNF:2
FNH:2
FNDA:3,(anonymous_19)
FNDA:2,(anonymous_21)
DA:1,1
DA:3,1
DA:4,1
DA:6,2
DA:7,2
DA:8,2
DA:9,1
DA:10,2
DA:11,2
DA:17,4
DA:19,2
DA:22,1
LF:12
LH:12
BRDA:6,0,0,2
BRDA:6,0,1,2
BRDA:6,0,2,2
BRF:3
BRH:3
end_of_record
TN:
SF:src/events/listeners/ticket-updated-listener.ts
FN:6,(anonymous_19)
FN:9,(anonymous_21)
FNF:2
FNH:2
FNDA:4,(anonymous_19)
FNDA:3,(anonymous_21)
DA:1,1
DA:3,1
DA:4,1
DA:6,3
DA:7,3
DA:8,3
DA:9,1
DA:10,3
DA:12,3
DA:13,1
DA:16,2
DA:17,2
DA:18,4
DA:20,2
DA:23,1
LF:15
LH:15
BRDA:6,0,0,3
BRDA:6,0,1,3
BRDA:6,0,2,3
BRDA:10,1,0,3
BRDA:12,2,0,1
BRDA:12,2,1,2
BRF:6
BRH:6
end_of_record
TN:
SF:src/events/publishers/order-cancelled-publisher.ts
FN:3,(anonymous_6)
FNF:1
FNH:1
FNDA:10,(anonymous_6)
DA:1,5
DA:3,5
DA:4,5
DA:5,5
LF:4
LH:4
BRDA:3,0,0,5
BRDA:3,0,1,5
BRDA:3,0,2,5
BRF:3
BRH:3
end_of_record
TN:
SF:src/events/publishers/order-created-publisher.ts
FN:4,(anonymous_6)
FNF:1
FNH:1
FNDA:13,(anonymous_6)
DA:1,4
DA:4,9
DA:5,9
DA:6,4
LF:4
LH:4
BRDA:4,0,0,9
BRDA:4,0,1,9
BRDA:4,0,2,9
BRF:3
BRH:3
end_of_record
TN:
SF:src/models/order.ts
FN:60,(anonymous_1)
FN:45,(anonymous_2)
FN:52,(anonymous_3)
FNF:3
FNH:3
FNDA:39,(anonymous_1)
FNDA:14,(anonymous_2)
FNDA:13,(anonymous_3)
DA:1,7
DA:2,7
DA:4,7
DA:25,7
DA:46,14
DA:47,14
DA:52,7
DA:53,13
DA:56,7
DA:57,7
DA:59,7
DA:60,46
LF:12
LH:12
BRF:0
BRH:0
end_of_record
TN:
SF:src/models/ticket.ts
FN:36,(anonymous_14)
FN:43,(anonymous_15)
FN:51,(anonymous_16)
FN:58,(anonymous_17)
FNF:4
FNH:4
FNDA:14,(anonymous_14)
FNDA:18,(anonymous_15)
FNDA:3,(anonymous_16)
FNDA:10,(anonymous_17)
DA:1,7
DA:2,7
DA:3,7
DA:24,7
DA:37,14
DA:38,14
DA:43,18
DA:44,18
DA:51,7
DA:52,3
DA:58,7
DA:59,10
DA:66,10
DA:69,7
DA:70,7
DA:72,7
LF:16
LH:16
BRDA:59,0,0,10
BRF:1
BRH:1
end_of_record
TN:
SF:src/routes/delete.ts
FN:9,(anonymous_14)
FN:9,(anonymous_15)
FNF:2
FNH:2
FNDA:2,(anonymous_14)
FNDA:2,(anonymous_15)
DA:1,4
DA:2,4
DA:3,4
DA:4,4
DA:5,4
DA:7,4
DA:9,4
DA:10,2
DA:12,2
DA:14,2
DA:15,0
DA:18,2
DA:19,0
DA:22,2
DA:24,4
DA:26,2
DA:34,2
DA:37,4
LF:18
LH:16
BRDA:14,0,0,0
BRDA:14,0,1,2
BRDA:18,1,0,0
BRDA:18,1,1,2
BRDA:18,2,0,0
BRDA:18,2,1,2
BRDA:18,3,0,2
BRDA:18,3,1,2
BRF:8
BRH:5
end_of_record
TN:
SF:src/routes/index.ts
FN:7,(anonymous_14)
FN:7,(anonymous_15)
FNF:2
FNH:2
FNDA:1,(anonymous_14)
FNDA:1,(anonymous_15)
DA:1,4
DA:2,4
DA:3,4
DA:5,4
DA:7,4
DA:8,1
DA:9,1
DA:12,4
LF:8
LH:8
BRDA:8,0,0,1
BRDA:8,1,0,0
BRDA:8,1,1,1
BRDA:8,2,0,1
BRDA:8,2,1,1
BRF:5
BRH:4
end_of_record
TN:
SF:src/routes/new.ts
FN:18,(anonymous_14)
FN:20,(anonymous_15)
FN:20,(anonymous_16)
FNF:3
FNH:3
FNDA:11,(anonymous_14)
FNDA:11,(anonymous_15)
FNDA:11,(anonymous_16)
DA:1,4
DA:2,4
DA:3,4
DA:4,4
DA:5,4
DA:6,4
DA:7,4
DA:8,4
DA:10,4
DA:11,4
DA:12,4
DA:18,11
DA:20,11
DA:21,11
DA:22,11
DA:24,11
DA:25,1
DA:28,10
DA:29,1
DA:32,9
DA:33,9
DA:35,9
DA:42,18
DA:44,9
DA:56,9
DA:59,4
LF:26
LH:26
BRDA:24,0,0,1
BRDA:24,0,1,10
BRDA:28,1,0,1
BRDA:28,1,1,9
BRF:4
BRH:4
end_of_record
TN:
SF:src/routes/show.ts
FN:7,(anonymous_14)
FN:7,(anonymous_15)
FNF:2
FNH:2
FNDA:2,(anonymous_14)
FNDA:2,(anonymous_15)
DA:1,4
DA:2,4
DA:3,4
DA:5,4
DA:7,4
DA:8,2
DA:10,2
DA:11,0
DA:14,2
DA:15,1
DA:18,1
DA:21,4
LF:12
LH:11
BRDA:8,0,0,2
BRDA:10,1,0,0
BRDA:10,1,1,2
BRDA:14,2,0,1
BRDA:14,2,1,1
BRDA:14,3,0,0
BRDA:14,3,1,2
BRDA:14,4,0,2
BRDA:14,4,1,2
BRF:9
BRH:7
end_of_record
