TN:
SF:src/app.ts
FN:25,(anonymous_14)
FNF:1
FNH:0
FNDA:0,(anonymous_14)
DA:1,4
DA:2,4
DA:3,4
DA:4,4
DA:7,4
DA:8,4
DA:9,4
DA:10,4
DA:11,4
DA:12,4
DA:14,4
DA:16,4
DA:17,4
DA:18,4
DA:20,4
DA:21,4
DA:22,4
DA:23,4
DA:25,4
DA:26,0
DA:29,4
DA:31,4
LF:22
LH:21
BRF:0
BRH:0
end_of_record
TN:
SF:src/errors/bad-request-error.ts
FN:3,(anonymous_6)
FN:6,BadRequestError
FN:11,(anonymous_8)
FNF:3
FNH:3
FNDA:4,(anonymous_6)
FNDA:3,BadRequestError
FNDA:3,(anonymous_8)
DA:1,4
DA:3,4
DA:4,3
DA:6,3
DA:7,3
DA:8,3
DA:11,4
DA:12,3
DA:16,4
LF:9
LH:9
BRDA:7,0,0,3
BRDA:7,0,1,0
BRF:2
BRH:1
end_of_record
TN:
SF:src/errors/custom-error.ts
FN:1,(anonymous_6)
FN:4,CustomError
FNF:2
FNH:2
FNDA:4,(anonymous_6)
FNDA:6,CustomError
DA:1,4
DA:5,6
DA:6,6
DA:13,4
LF:4
LH:4
BRDA:5,0,0,6
BRDA:5,0,1,0
BRF:2
BRH:1
end_of_record
TN:
SF:src/errors/not-found-error.ts
FN:3,(anonymous_6)
FN:6,NotFoundError
FN:12,(anonymous_8)
FNF:3
FNH:1
FNDA:4,(anonymous_6)
FNDA:0,NotFoundError
FNDA:0,(anonymous_8)
DA:1,4
DA:3,4
DA:4,0
DA:7,0
DA:9,0
DA:12,4
DA:13,0
DA:17,4
LF:8
LH:4
BRDA:7,0,0,0
BRDA:7,0,1,0
BRF:2
BRH:0
end_of_record
TN:
SF:src/errors/request-validation-error.ts
FN:4,(anonymous_6)
FN:7,RequestValidationError
FN:14,(anonymous_8)
FN:15,(anonymous_9)
FNF:4
FNH:4
FNDA:4,(anonymous_6)
FNDA:3,RequestValidationError
FNDA:3,(anonymous_8)
FNDA:4,(anonymous_9)
DA:2,4
DA:4,4
DA:5,3
DA:7,3
DA:8,3
DA:11,3
DA:14,4
DA:15,4
DA:20,4
LF:9
LH:9
BRDA:8,0,0,3
BRDA:8,0,1,0
BRF:2
BRH:1
end_of_record
TN:
SF:src/middlewares/current-user.ts
FN:17,(anonymous_1)
FNF:1
FNH:1
FNDA:2,(anonymous_1)
DA:2,4
DA:17,4
DA:18,2
DA:19,1
DA:22,1
DA:23,1
DA:24,1
DA:27,1
LF:8
LH:8
BRDA:18,0,0,1
BRDA:18,0,1,1
BRDA:18,1,0,0
BRDA:18,1,1,2
BRDA:18,2,0,2
BRDA:18,2,1,2
BRF:6
BRH:5
end_of_record
TN:
SF:src/middlewares/error-handler.ts
FN:5,(anonymous_0)
FNF:1
FNH:1
FNDA:6,(anonymous_0)
DA:3,4
DA:5,4
DA:6,6
DA:7,6
DA:10,0
LF:5
LH:4
BRDA:6,0,0,6
BRDA:6,0,1,0
BRF:2
BRH:1
end_of_record
TN:
SF:src/middlewares/validate-request.ts
FN:5,(anonymous_0)
FNF:1
FNH:1
FNDA:14,(anonymous_0)
DA:2,4
DA:3,4
DA:5,4
DA:6,14
DA:8,14
DA:9,3
DA:12,11
LF:7
LH:7
BRDA:8,0,0,3
BRDA:8,0,1,11
BRF:2
BRH:2
end_of_record
TN:
SF:src/models/user.ts
FN:38,(anonymous_14)
FN:47,(anonymous_15)
FN:51,(anonymous_16)
FNF:3
FNH:3
FNDA:8,(anonymous_14)
FNDA:11,(anonymous_15)
FNDA:7,(anonymous_16)
DA:1,4
DA:2,4
DA:24,4
DA:39,8
DA:40,8
DA:41,8
DA:42,8
DA:47,4
DA:48,11
DA:51,4
DA:52,7
DA:53,7
DA:54,7
DA:57,7
DA:60,4
DA:62,4
DA:67,4
LF:17
LH:17
BRDA:52,0,0,0
BRDA:52,0,1,7
BRF:2
BRH:1
end_of_record
TN:
SF:src/routes/current-user.ts
FN:6,(anonymous_0)
FNF:1
FNH:1
FNDA:2,(anonymous_0)
DA:1,4
DA:2,4
DA:4,4
DA:6,4
DA:7,2
DA:12,4
LF:6
LH:6
BRDA:8,0,0,2
BRDA:8,0,1,1
BRF:2
BRH:2
end_of_record
TN:
SF:src/routes/signin.ts
FN:17,(anonymous_14)
FN:17,(anonymous_15)
FNF:2
FNH:2
FNDA:3,(anonymous_14)
FNDA:3,(anonymous_15)
DA:1,4
DA:2,4
DA:3,4
DA:5,4
DA:6,4
DA:7,4
DA:8,4
DA:10,4
DA:12,4
DA:17,3
DA:18,3
DA:20,3
DA:21,3
DA:22,1
DA:25,2
DA:27,2
DA:28,1
DA:31,1
DA:38,1
DA:42,1
DA:45,4
LF:21
LH:21
BRDA:21,0,0,1
BRDA:21,0,1,2
BRDA:27,1,0,1
BRDA:27,1,1,1
BRDA:34,2,0,1
BRDA:34,2,1,0
BRF:6
BRH:5
end_of_record
TN:
SF:src/routes/signout.ts
FN:5,(anonymous_0)
FNF:1
FNH:1
FNDA:1,(anonymous_0)
DA:1,4
DA:3,4
DA:5,4
DA:6,1
DA:8,1
DA:11,4
LF:6
LH:6
BRF:0
BRH:0
end_of_record
TN:
SF:src/routes/signup.ts
FN:16,(anonymous_14)
FN:16,(anonymous_15)
FNF:2
FNH:2
FNDA:8,(anonymous_14)
FNDA:8,(anonymous_15)
DA:1,4
DA:2,4
DA:3,4
DA:5,4
DA:7,4
DA:8,4
DA:10,4
DA:12,4
DA:16,8
DA:17,8
DA:19,8
DA:21,8
DA:22,1
DA:25,7
DA:30,14
DA:32,7
DA:39,7
DA:43,7
DA:47,4
LF:19
LH:19
BRDA:21,0,0,1
BRDA:21,0,1,7
BRDA:35,1,0,7
BRDA:35,1,1,0
BRF:4
BRH:3
end_of_record
TN:
SF:src/services/password.ts
FN:6,(anonymous_13)
FN:7,(anonymous_15)
FN:14,(anonymous_18)
FNF:3
FNH:3
FNDA:4,(anonymous_13)
FNDA:7,(anonymous_15)
FNDA:2,(anonymous_18)
DA:1,4
DA:2,4
DA:4,4
DA:6,4
DA:7,4
DA:8,7
DA:9,7
DA:11,7
DA:14,4
DA:15,2
DA:16,2
DA:18,2
DA:20,4
LF:13
LH:13
BRF:0
BRH:0
end_of_record
