{"/media/mohamed/Local/Projects/node/node-microservices/ticketing/tickets/src/app.ts": {"path":"/media/mohamed/Local/Projects/node/node-microservices/ticketing/tickets/src/app.ts","statementMap":{"0":{"start":{"line":1,"column":0},"end":{"line":1,"column":30}},"1":{"start":{"line":2,"column":0},"end":{"line":2,"column":30}},"2":{"start":{"line":3,"column":0},"end":{"line":3,"column":37}},"3":{"start":{"line":4,"column":0},"end":{"line":4,"column":43}},"4":{"start":{"line":5,"column":0},"end":{"line":5,"column":28}},"5":{"start":{"line":6,"column":0},"end":{"line":6,"column":93}},"6":{"start":{"line":8,"column":0},"end":{"line":8,"column":50}},"7":{"start":{"line":9,"column":0},"end":{"line":9,"column":49}},"8":{"start":{"line":10,"column":0},"end":{"line":10,"column":45}},"9":{"start":{"line":11,"column":0},"end":{"line":11,"column":53}},"10":{"start":{"line":14,"column":12},"end":{"line":14,"column":21}},"11":{"start":{"line":31,"column":9},"end":{"line":31,"column":12}},"12":{"start":{"line":16,"column":0},"end":{"line":16,"column":29}},"13":{"start":{"line":17,"column":0},"end":{"line":17,"column":27}},"14":{"start":{"line":18,"column":0},"end":{"line":18,"column":81}},"15":{"start":{"line":19,"column":0},"end":{"line":19,"column":28}},"16":{"start":{"line":20,"column":0},"end":{"line":20,"column":21}},"17":{"start":{"line":21,"column":0},"end":{"line":21,"column":28}},"18":{"start":{"line":22,"column":0},"end":{"line":22,"column":26}},"19":{"start":{"line":23,"column":0},"end":{"line":23,"column":27}},"20":{"start":{"line":24,"column":0},"end":{"line":24,"column":28}},"21":{"start":{"line":25,"column":0},"end":{"line":27,"column":3}},"22":{"start":{"line":25,"column":13},"end":{"line":27,"column":2}},"23":{"start":{"line":26,"column":2},"end":{"line":26,"column":28}},"24":{"start":{"line":29,"column":0},"end":{"line":29,"column":22}}},"fnMap":{"0":{"name":"(anonymous_14)","decl":{"start":{"line":25,"column":13},"end":{"line":25,"column":null}},"loc":{"start":{"line":25,"column":13},"end":{"line":27,"column":2}}}},"branchMap":{},"s":{"0":4,"1":4,"2":4,"3":4,"4":4,"5":4,"6":4,"7":4,"8":4,"9":4,"10":4,"11":4,"12":4,"13":4,"14":4,"15":4,"16":4,"17":4,"18":4,"19":4,"20":4,"21":4,"22":1,"23":1,"24":4},"f":{"0":2},"b":{}}
,"/media/mohamed/Local/Projects/node/node-microservices/ticketing/tickets/src/events/listeners/order-cancelled-listener.ts": {"path":"/media/mohamed/Local/Projects/node/node-microservices/ticketing/tickets/src/events/listeners/order-cancelled-listener.ts","statementMap":{"0":{"start":{"line":1,"column":0},"end":{"line":1,"column":80}},"1":{"start":{"line":3,"column":0},"end":{"line":3,"column":45}},"2":{"start":{"line":4,"column":0},"end":{"line":4,"column":49}},"3":{"start":{"line":5,"column":0},"end":{"line":5,"column":80}},"4":{"start":{"line":6,"column":0},"end":{"line":6,"column":52}},"5":{"start":{"line":8,"column":0},"end":{"line":8,"column":73}},"6":{"start":{"line":8,"column":44},"end":{"line":8,"column":52}},"7":{"start":{"line":8,"column":0},"end":{"line":8,"column":13}},"8":{"start":{"line":9,"column":2},"end":{"line":9,"column":61}},"9":{"start":{"line":10,"column":2},"end":{"line":10,"column":42}},"10":{"start":{"line":12,"column":8},"end":{"line":33,"column":null}},"11":{"start":{"line":13,"column":19},"end":{"line":13,"column":null}},"12":{"start":{"line":13,"column":10},"end":{"line":13,"column":null}},"13":{"start":{"line":15,"column":4},"end":{"line":17,"column":null}},"14":{"start":{"line":16,"column":6},"end":{"line":16,"column":42}},"15":{"start":{"line":19,"column":4},"end":{"line":19,"column":39}},"16":{"start":{"line":21,"column":4},"end":{"line":21,"column":24}},"17":{"start":{"line":23,"column":4},"end":{"line":30,"column":7}},"18":{"start":{"line":32,"column":4},"end":{"line":32,"column":14}},"19":{"start":{"line":35,"column":0},"end":{"line":35,"column":null}},"20":{"start":{"line":8,"column":13},"end":{"line":8,"column":35}}},"fnMap":{"0":{"name":"(anonymous_19)","decl":{"start":{"line":8,"column":0},"end":{"line":8,"column":13}},"loc":{"start":{"line":8,"column":0},"end":{"line":35,"column":null}}},"1":{"name":"(anonymous_21)","decl":{"start":{"line":12,"column":2},"end":{"line":12,"column":8}},"loc":{"start":{"line":12,"column":65},"end":{"line":33,"column":null}}}},"branchMap":{"0":{"loc":{"start":{"line":8,"column":0},"end":{"line":8,"column":13}},"type":"binary-expr","locations":[{"start":{"line":8,"column":0},"end":{"line":8,"column":13}},{"start":{"line":8,"column":0},"end":{"line":8,"column":13}},{"start":{"line":8,"column":0},"end":{"line":8,"column":13}}]},"1":{"loc":{"start":{"line":13,"column":19},"end":{"line":13,"column":null}},"type":"switch","locations":[{"start":{"line":13,"column":19},"end":{"line":13,"column":null}}]},"2":{"loc":{"start":{"line":15,"column":4},"end":{"line":17,"column":null}},"type":"if","locations":[{"start":{"line":15,"column":4},"end":{"line":17,"column":null}},{"start":{"line":15,"column":4},"end":{"line":17,"column":null}}]}},"s":{"0":1,"1":1,"2":1,"3":1,"4":1,"5":1,"6":1,"7":1,"8":1,"9":1,"10":1,"11":1,"12":1,"13":1,"14":0,"15":1,"16":2,"17":1,"18":1,"19":1,"20":1},"f":{"0":2,"1":1},"b":{"0":[1,1,1],"1":[1],"2":[0,1]}}
,"/media/mohamed/Local/Projects/node/node-microservices/ticketing/tickets/src/events/listeners/order-created-listener.ts": {"path":"/media/mohamed/Local/Projects/node/node-microservices/ticketing/tickets/src/events/listeners/order-created-listener.ts","statementMap":{"0":{"start":{"line":1,"column":0},"end":{"line":1,"column":91}},"1":{"start":{"line":3,"column":0},"end":{"line":3,"column":45}},"2":{"start":{"line":5,"column":0},"end":{"line":5,"column":80}},"3":{"start":{"line":6,"column":0},"end":{"line":6,"column":52}},"4":{"start":{"line":8,"column":0},"end":{"line":8,"column":69}},"5":{"start":{"line":8,"column":42},"end":{"line":8,"column":50}},"6":{"start":{"line":8,"column":0},"end":{"line":8,"column":13}},"7":{"start":{"line":9,"column":2},"end":{"line":9,"column":57}},"8":{"start":{"line":10,"column":2},"end":{"line":10,"column":42}},"9":{"start":{"line":12,"column":8},"end":{"line":33,"column":null}},"10":{"start":{"line":13,"column":19},"end":{"line":13,"column":null}},"11":{"start":{"line":13,"column":10},"end":{"line":13,"column":null}},"12":{"start":{"line":15,"column":4},"end":{"line":17,"column":null}},"13":{"start":{"line":16,"column":6},"end":{"line":16,"column":42}},"14":{"start":{"line":19,"column":4},"end":{"line":19,"column":36}},"15":{"start":{"line":21,"column":4},"end":{"line":21,"column":24}},"16":{"start":{"line":23,"column":4},"end":{"line":30,"column":7}},"17":{"start":{"line":32,"column":4},"end":{"line":32,"column":14}},"18":{"start":{"line":35,"column":0},"end":{"line":35,"column":null}},"19":{"start":{"line":8,"column":13},"end":{"line":8,"column":33}}},"fnMap":{"0":{"name":"(anonymous_19)","decl":{"start":{"line":8,"column":0},"end":{"line":8,"column":13}},"loc":{"start":{"line":8,"column":0},"end":{"line":35,"column":null}}},"1":{"name":"(anonymous_21)","decl":{"start":{"line":12,"column":2},"end":{"line":12,"column":8}},"loc":{"start":{"line":12,"column":63},"end":{"line":33,"column":null}}}},"branchMap":{"0":{"loc":{"start":{"line":8,"column":0},"end":{"line":8,"column":13}},"type":"binary-expr","locations":[{"start":{"line":8,"column":0},"end":{"line":8,"column":13}},{"start":{"line":8,"column":0},"end":{"line":8,"column":13}},{"start":{"line":8,"column":0},"end":{"line":8,"column":13}}]},"1":{"loc":{"start":{"line":13,"column":19},"end":{"line":13,"column":null}},"type":"switch","locations":[{"start":{"line":13,"column":19},"end":{"line":13,"column":null}}]},"2":{"loc":{"start":{"line":15,"column":4},"end":{"line":17,"column":null}},"type":"if","locations":[{"start":{"line":15,"column":4},"end":{"line":17,"column":null}},{"start":{"line":15,"column":4},"end":{"line":17,"column":null}}]}},"s":{"0":1,"1":1,"2":1,"3":1,"4":1,"5":1,"6":3,"7":3,"8":3,"9":1,"10":3,"11":3,"12":3,"13":0,"14":3,"15":6,"16":6,"17":3,"18":1,"19":1},"f":{"0":4,"1":3},"b":{"0":[3,3,3],"1":[3],"2":[0,3]}}
,"/media/mohamed/Local/Projects/node/node-microservices/ticketing/tickets/src/events/listeners/queue-group-name.ts": {"path":"/media/mohamed/Local/Projects/node/node-microservices/ticketing/tickets/src/events/listeners/queue-group-name.ts","statementMap":{"0":{"start":{"line":1,"column":13},"end":{"line":1,"column":48}}},"fnMap":{},"branchMap":{},"s":{"0":2},"f":{},"b":{}}
,"/media/mohamed/Local/Projects/node/node-microservices/ticketing/tickets/src/events/publishers/ticket-created-publisher.ts": {"path":"/media/mohamed/Local/Projects/node/node-microservices/ticketing/tickets/src/events/publishers/ticket-created-publisher.ts","statementMap":{"0":{"start":{"line":1,"column":0},"end":{"line":1,"column":80}},"1":{"start":{"line":3,"column":0},"end":{"line":3,"column":73}},"2":{"start":{"line":3,"column":44},"end":{"line":3,"column":53}},"3":{"start":{"line":3,"column":0},"end":{"line":3,"column":13}},"4":{"start":{"line":4,"column":2},"end":{"line":4,"column":59}},"5":{"start":{"line":5,"column":0},"end":{"line":5,"column":null}},"6":{"start":{"line":3,"column":13},"end":{"line":3,"column":35}}},"fnMap":{"0":{"name":"(anonymous_6)","decl":{"start":{"line":3,"column":0},"end":{"line":3,"column":13}},"loc":{"start":{"line":3,"column":0},"end":{"line":5,"column":null}}}},"branchMap":{"0":{"loc":{"start":{"line":3,"column":0},"end":{"line":3,"column":13}},"type":"binary-expr","locations":[{"start":{"line":3,"column":0},"end":{"line":3,"column":13}},{"start":{"line":3,"column":0},"end":{"line":3,"column":13}},{"start":{"line":3,"column":0},"end":{"line":3,"column":13}}]}},"s":{"0":4,"1":4,"2":4,"3":11,"4":11,"5":4,"6":4},"f":{"0":15},"b":{"0":[11,11,11]}}
,"/media/mohamed/Local/Projects/node/node-microservices/ticketing/tickets/src/events/publishers/ticket-updated-publisher.ts": {"path":"/media/mohamed/Local/Projects/node/node-microservices/ticketing/tickets/src/events/publishers/ticket-updated-publisher.ts","statementMap":{"0":{"start":{"line":1,"column":0},"end":{"line":1,"column":80}},"1":{"start":{"line":3,"column":0},"end":{"line":3,"column":73}},"2":{"start":{"line":3,"column":44},"end":{"line":3,"column":53}},"3":{"start":{"line":3,"column":0},"end":{"line":3,"column":13}},"4":{"start":{"line":4,"column":2},"end":{"line":4,"column":59}},"5":{"start":{"line":5,"column":0},"end":{"line":5,"column":null}},"6":{"start":{"line":3,"column":13},"end":{"line":3,"column":35}}},"fnMap":{"0":{"name":"(anonymous_6)","decl":{"start":{"line":3,"column":0},"end":{"line":3,"column":13}},"loc":{"start":{"line":3,"column":0},"end":{"line":5,"column":null}}}},"branchMap":{"0":{"loc":{"start":{"line":3,"column":0},"end":{"line":3,"column":13}},"type":"binary-expr","locations":[{"start":{"line":3,"column":0},"end":{"line":3,"column":13}},{"start":{"line":3,"column":0},"end":{"line":3,"column":13}},{"start":{"line":3,"column":0},"end":{"line":3,"column":13}}]}},"s":{"0":6,"1":6,"2":6,"3":5,"4":5,"5":6,"6":6},"f":{"0":11},"b":{"0":[5,5,5]}}
,"/media/mohamed/Local/Projects/node/node-microservices/ticketing/tickets/src/models/ticket.ts": {"path":"/media/mohamed/Local/Projects/node/node-microservices/ticketing/tickets/src/models/ticket.ts","statementMap":{"0":{"start":{"line":1,"column":0},"end":{"line":1,"column":32}},"1":{"start":{"line":2,"column":0},"end":{"line":2,"column":67}},"2":{"start":{"line":22,"column":21},"end":{"line":47,"column":2}},"3":{"start":{"line":41,"column":6},"end":{"line":41,"column":23}},"4":{"start":{"line":42,"column":6},"end":{"line":42,"column":21}},"5":{"start":{"line":44,"column":6},"end":{"line":44,"column":17}},"6":{"start":{"line":49,"column":0},"end":{"line":49,"column":42}},"7":{"start":{"line":51,"column":0},"end":{"line":53,"column":null}},"8":{"start":{"line":52,"column":2},"end":{"line":52,"column":27}},"9":{"start":{"line":55,"column":0},"end":{"line":55,"column":43}},"10":{"start":{"line":57,"column":15},"end":{"line":57,"column":77}},"11":{"start":{"line":59,"column":9},"end":{"line":59,"column":15}}},"fnMap":{"0":{"name":"(anonymous_1)","decl":{"start":{"line":40,"column":13},"end":{"line":40,"column":14}},"loc":{"start":{"line":40,"column":27},"end":{"line":45,"column":5}}},"1":{"name":"(anonymous_2)","decl":{"start":{"line":51,"column":29},"end":{"line":51,"column":30}},"loc":{"start":{"line":51,"column":48},"end":{"line":53,"column":1}}}},"branchMap":{},"s":{"0":7,"1":7,"2":7,"3":17,"4":17,"5":17,"6":7,"7":7,"8":17,"9":7,"10":7,"11":7},"f":{"0":17,"1":17},"b":{}}
,"/media/mohamed/Local/Projects/node/node-microservices/ticketing/tickets/src/routes/index.ts": {"path":"/media/mohamed/Local/Projects/node/node-microservices/ticketing/tickets/src/routes/index.ts","statementMap":{"0":{"start":{"line":2,"column":0},"end":{"line":2,"column":30}},"1":{"start":{"line":3,"column":0},"end":{"line":3,"column":42}},"2":{"start":{"line":5,"column":15},"end":{"line":5,"column":31}},"3":{"start":{"line":13,"column":19},"end":{"line":13,"column":36}},"4":{"start":{"line":7,"column":0},"end":{"line":11,"column":3}},"5":{"start":{"line":7,"column":42},"end":{"line":11,"column":2}},"6":{"start":{"line":8,"column":18},"end":{"line":8,"column":null}},"7":{"start":{"line":8,"column":8},"end":{"line":8,"column":null}},"8":{"start":{"line":10,"column":2},"end":{"line":10,"column":20}}},"fnMap":{"0":{"name":"(anonymous_14)","decl":{"start":{"line":7,"column":27},"end":{"line":7,"column":34}},"loc":{"start":{"line":7,"column":42},"end":{"line":11,"column":2}}},"1":{"name":"(anonymous_15)","decl":{"start":{"line":7,"column":42},"end":{"line":7,"column":null}},"loc":{"start":{"line":7,"column":42},"end":{"line":11,"column":2}}}},"branchMap":{"0":{"loc":{"start":{"line":8,"column":18},"end":{"line":8,"column":null}},"type":"switch","locations":[{"start":{"line":8,"column":18},"end":{"line":8,"column":null}}]}},"s":{"0":4,"1":4,"2":4,"3":4,"4":4,"5":1,"6":1,"7":1,"8":1},"f":{"0":1,"1":1},"b":{"0":[1]}}
,"/media/mohamed/Local/Projects/node/node-microservices/ticketing/tickets/src/routes/new.ts": {"path":"/media/mohamed/Local/Projects/node/node-microservices/ticketing/tickets/src/routes/new.ts","statementMap":{"0":{"start":{"line":1,"column":0},"end":{"line":1,"column":30}},"1":{"start":{"line":2,"column":0},"end":{"line":2,"column":82}},"2":{"start":{"line":3,"column":0},"end":{"line":3,"column":41}},"3":{"start":{"line":4,"column":0},"end":{"line":4,"column":42}},"4":{"start":{"line":5,"column":0},"end":{"line":5,"column":46}},"5":{"start":{"line":6,"column":0},"end":{"line":6,"column":87}},"6":{"start":{"line":8,"column":15},"end":{"line":8,"column":31}},"7":{"start":{"line":35,"column":19},"end":{"line":35,"column":37}},"8":{"start":{"line":10,"column":0},"end":{"line":33,"column":3}},"9":{"start":{"line":15,"column":17},"end":{"line":33,"column":2}},"10":{"start":{"line":16,"column":10},"end":{"line":16,"column":29}},"11":{"start":{"line":18,"column":10},"end":{"line":18,"column":77}},"12":{"start":{"line":20,"column":4},"end":{"line":20,"column":24}},"13":{"start":{"line":22,"column":10},"end":{"line":22,"column":69}},"14":{"start":{"line":24,"column":4},"end":{"line":30,"column":7}},"15":{"start":{"line":32,"column":4},"end":{"line":32,"column":33}}},"fnMap":{"0":{"name":"(anonymous_14)","decl":{"start":{"line":15,"column":2},"end":{"line":15,"column":9}},"loc":{"start":{"line":15,"column":17},"end":{"line":33,"column":2}}},"1":{"name":"(anonymous_15)","decl":{"start":{"line":15,"column":17},"end":{"line":15,"column":null}},"loc":{"start":{"line":15,"column":17},"end":{"line":33,"column":2}}}},"branchMap":{},"s":{"0":4,"1":4,"2":4,"3":4,"4":4,"5":4,"6":4,"7":4,"8":4,"9":11,"10":11,"11":11,"12":22,"13":11,"14":11,"15":11},"f":{"0":11,"1":11},"b":{}}
,"/media/mohamed/Local/Projects/node/node-microservices/ticketing/tickets/src/routes/show.ts": {"path":"/media/mohamed/Local/Projects/node/node-microservices/ticketing/tickets/src/routes/show.ts","statementMap":{"0":{"start":{"line":1,"column":0},"end":{"line":1,"column":54}},"1":{"start":{"line":2,"column":0},"end":{"line":2,"column":30}},"2":{"start":{"line":3,"column":0},"end":{"line":3,"column":42}},"3":{"start":{"line":5,"column":15},"end":{"line":5,"column":31}},"4":{"start":{"line":16,"column":19},"end":{"line":16,"column":35}},"5":{"start":{"line":7,"column":0},"end":{"line":14,"column":3}},"6":{"start":{"line":7,"column":46},"end":{"line":14,"column":2}},"7":{"start":{"line":8,"column":17},"end":{"line":8,"column":null}},"8":{"start":{"line":8,"column":8},"end":{"line":8,"column":null}},"9":{"start":{"line":9,"column":2},"end":{"line":11,"column":null}},"10":{"start":{"line":10,"column":4},"end":{"line":10,"column":30}},"11":{"start":{"line":13,"column":2},"end":{"line":13,"column":19}}},"fnMap":{"0":{"name":"(anonymous_14)","decl":{"start":{"line":7,"column":31},"end":{"line":7,"column":38}},"loc":{"start":{"line":7,"column":46},"end":{"line":14,"column":2}}},"1":{"name":"(anonymous_15)","decl":{"start":{"line":7,"column":46},"end":{"line":7,"column":null}},"loc":{"start":{"line":7,"column":46},"end":{"line":14,"column":2}}}},"branchMap":{"0":{"loc":{"start":{"line":8,"column":17},"end":{"line":8,"column":null}},"type":"switch","locations":[{"start":{"line":8,"column":17},"end":{"line":8,"column":null}}]},"1":{"loc":{"start":{"line":9,"column":2},"end":{"line":11,"column":null}},"type":"if","locations":[{"start":{"line":9,"column":2},"end":{"line":11,"column":null}},{"start":{"line":9,"column":2},"end":{"line":11,"column":null}}]}},"s":{"0":4,"1":4,"2":4,"3":4,"4":4,"5":4,"6":2,"7":2,"8":2,"9":2,"10":0,"11":2},"f":{"0":2,"1":2},"b":{"0":[2],"1":[0,2]}}
,"/media/mohamed/Local/Projects/node/node-microservices/ticketing/tickets/src/routes/update.ts": {"path":"/media/mohamed/Local/Projects/node/node-microservices/ticketing/tickets/src/routes/update.ts","statementMap":{"0":{"start":{"line":1,"column":0},"end":{"line":1,"column":30}},"1":{"start":{"line":2,"column":0},"end":{"line":2,"column":41}},"2":{"start":{"line":3,"column":0},"end":{"line":3,"column":121}},"3":{"start":{"line":4,"column":0},"end":{"line":4,"column":42}},"4":{"start":{"line":5,"column":0},"end":{"line":5,"column":87}},"5":{"start":{"line":6,"column":0},"end":{"line":6,"column":46}},"6":{"start":{"line":8,"column":15},"end":{"line":8,"column":31}},"7":{"start":{"line":48,"column":19},"end":{"line":48,"column":37}},"8":{"start":{"line":10,"column":0},"end":{"line":46,"column":3}},"9":{"start":{"line":15,"column":15},"end":{"line":46,"column":2}},"10":{"start":{"line":16,"column":17},"end":{"line":16,"column":null}},"11":{"start":{"line":16,"column":8},"end":{"line":16,"column":null}},"12":{"start":{"line":18,"column":2},"end":{"line":20,"column":null}},"13":{"start":{"line":19,"column":4},"end":{"line":19,"column":30}},"14":{"start":{"line":22,"column":2},"end":{"line":24,"column":null}},"15":{"start":{"line":23,"column":4},"end":{"line":23,"column":62}},"16":{"start":{"line":26,"column":2},"end":{"line":28,"column":null}},"17":{"start":{"line":27,"column":4},"end":{"line":27,"column":35}},"18":{"start":{"line":30,"column":2},"end":{"line":33,"column":5}},"19":{"start":{"line":35,"column":2},"end":{"line":35,"column":22}},"20":{"start":{"line":37,"column":2},"end":{"line":43,"column":5}},"21":{"start":{"line":45,"column":2},"end":{"line":45,"column":19}}},"fnMap":{"0":{"name":"(anonymous_14)","decl":{"start":{"line":15,"column":0},"end":{"line":15,"column":7}},"loc":{"start":{"line":15,"column":15},"end":{"line":46,"column":2}}},"1":{"name":"(anonymous_15)","decl":{"start":{"line":15,"column":15},"end":{"line":15,"column":null}},"loc":{"start":{"line":15,"column":15},"end":{"line":46,"column":2}}}},"branchMap":{"0":{"loc":{"start":{"line":16,"column":17},"end":{"line":16,"column":null}},"type":"switch","locations":[{"start":{"line":16,"column":17},"end":{"line":16,"column":null}}]},"1":{"loc":{"start":{"line":18,"column":2},"end":{"line":20,"column":null}},"type":"if","locations":[{"start":{"line":18,"column":2},"end":{"line":20,"column":null}},{"start":{"line":18,"column":2},"end":{"line":20,"column":null}}]},"2":{"loc":{"start":{"line":22,"column":2},"end":{"line":24,"column":null}},"type":"if","locations":[{"start":{"line":22,"column":2},"end":{"line":24,"column":null}},{"start":{"line":22,"column":2},"end":{"line":24,"column":null}}]},"3":{"loc":{"start":{"line":26,"column":2},"end":{"line":28,"column":null}},"type":"if","locations":[{"start":{"line":26,"column":2},"end":{"line":28,"column":null}},{"start":{"line":26,"column":2},"end":{"line":28,"column":null}}]}},"s":{"0":4,"1":4,"2":4,"3":4,"4":4,"5":4,"6":4,"7":4,"8":4,"9":4,"10":4,"11":4,"12":4,"13":1,"14":3,"15":1,"16":2,"17":1,"18":1,"19":2,"20":1,"21":1},"f":{"0":4,"1":4},"b":{"0":[4],"1":[1,3],"2":[1,2],"3":[1,1]}}
}
