TN:
SF:src/app.ts
FN:25,(anonymous_14)
FNF:1
FNH:1
FNDA:2,(anonymous_14)
DA:1,4
DA:2,4
DA:3,4
DA:4,4
DA:5,4
DA:6,4
DA:8,4
DA:9,4
DA:10,4
DA:11,4
DA:14,4
DA:16,4
DA:17,4
DA:18,4
DA:19,4
DA:20,4
DA:21,4
DA:22,4
DA:23,4
DA:24,4
DA:25,4
DA:26,1
DA:29,4
DA:31,4
LF:24
LH:24
BRF:0
BRH:0
end_of_record
TN:
SF:src/events/listeners/order-cancelled-listener.ts
FN:8,(anonymous_19)
FN:12,(anonymous_21)
FNF:2
FNH:2
FNDA:2,(anonymous_19)
FNDA:1,(anonymous_21)
DA:1,1
DA:3,1
DA:4,1
DA:5,1
DA:6,1
DA:8,1
DA:9,1
DA:10,1
DA:12,1
DA:13,1
DA:15,1
DA:16,0
DA:19,1
DA:21,2
DA:23,1
DA:32,1
DA:35,1
LF:17
LH:16
BRDA:8,0,0,1
BRDA:8,0,1,1
BRDA:8,0,2,1
BRDA:13,1,0,1
BRDA:15,2,0,0
BRDA:15,2,1,1
BRF:6
BRH:5
end_of_record
TN:
SF:src/events/listeners/order-created-listener.ts
FN:8,(anonymous_19)
FN:12,(anonymous_21)
FNF:2
FNH:2
FNDA:4,(anonymous_19)
FNDA:3,(anonymous_21)
DA:1,1
DA:3,1
DA:5,1
DA:6,1
DA:8,3
DA:9,3
DA:10,3
DA:12,1
DA:13,3
DA:15,3
DA:16,0
DA:19,3
DA:21,6
DA:23,6
DA:32,3
DA:35,1
LF:16
LH:15
BRDA:8,0,0,3
BRDA:8,0,1,3
BRDA:8,0,2,3
BRDA:13,1,0,3
BRDA:15,2,0,0
BRDA:15,2,1,3
BRF:6
BRH:5
end_of_record
TN:
SF:src/events/listeners/queue-group-name.ts
FNF:0
FNH:0
DA:1,2
LF:1
LH:1
BRF:0
BRH:0
end_of_record
TN:
SF:src/events/publishers/ticket-created-publisher.ts
FN:3,(anonymous_6)
FNF:1
FNH:1
FNDA:15,(anonymous_6)
DA:1,4
DA:3,11
DA:4,11
DA:5,4
LF:4
LH:4
BRDA:3,0,0,11
BRDA:3,0,1,11
BRDA:3,0,2,11
BRF:3
BRH:3
end_of_record
TN:
SF:src/events/publishers/ticket-updated-publisher.ts
FN:3,(anonymous_6)
FNF:1
FNH:1
FNDA:11,(anonymous_6)
DA:1,6
DA:3,6
DA:4,5
DA:5,6
LF:4
LH:4
BRDA:3,0,0,5
BRDA:3,0,1,5
BRDA:3,0,2,5
BRF:3
BRH:3
end_of_record
TN:
SF:src/models/ticket.ts
FN:40,(anonymous_1)
FN:51,(anonymous_2)
FNF:2
FNH:2
FNDA:17,(anonymous_1)
FNDA:17,(anonymous_2)
DA:1,7
DA:2,7
DA:22,7
DA:41,17
DA:42,17
DA:44,17
DA:49,7
DA:51,7
DA:52,17
DA:55,7
DA:57,7
DA:59,7
LF:12
LH:12
BRF:0
BRH:0
end_of_record
TN:
SF:src/routes/index.ts
FN:7,(anonymous_14)
FN:7,(anonymous_15)
FNF:2
FNH:2
FNDA:1,(anonymous_14)
FNDA:1,(anonymous_15)
DA:2,4
DA:3,4
DA:5,4
DA:7,4
DA:8,1
DA:10,1
DA:13,4
LF:7
LH:7
BRDA:8,0,0,1
BRF:1
BRH:1
end_of_record
TN:
SF:src/routes/new.ts
FN:15,(anonymous_14)
FN:15,(anonymous_15)
FNF:2
FNH:2
FNDA:11,(anonymous_14)
FNDA:11,(anonymous_15)
DA:1,4
DA:2,4
DA:3,4
DA:4,4
DA:5,4
DA:6,4
DA:8,4
DA:10,4
DA:15,11
DA:16,11
DA:18,11
DA:20,22
DA:22,11
DA:24,11
DA:32,11
DA:35,4
LF:16
LH:16
BRF:0
BRH:0
end_of_record
TN:
SF:src/routes/show.ts
FN:7,(anonymous_14)
FN:7,(anonymous_15)
FNF:2
FNH:2
FNDA:2,(anonymous_14)
FNDA:2,(anonymous_15)
DA:1,4
DA:2,4
DA:3,4
DA:5,4
DA:7,4
DA:8,2
DA:9,2
DA:10,0
DA:13,2
DA:16,4
LF:10
LH:9
BRDA:8,0,0,2
BRDA:9,1,0,0
BRDA:9,1,1,2
BRF:3
BRH:2
end_of_record
TN:
SF:src/routes/update.ts
FN:15,(anonymous_14)
FN:15,(anonymous_15)
FNF:2
FNH:2
FNDA:4,(anonymous_14)
FNDA:4,(anonymous_15)
DA:1,4
DA:2,4
DA:3,4
DA:4,4
DA:5,4
DA:6,4
DA:8,4
DA:10,4
DA:15,4
DA:16,4
DA:18,4
DA:19,1
DA:22,3
DA:23,1
DA:26,2
DA:27,1
DA:30,1
DA:35,2
DA:37,1
DA:45,1
DA:48,4
LF:21
LH:21
BRDA:16,0,0,4
BRDA:18,1,0,1
BRDA:18,1,1,3
BRDA:22,2,0,1
BRDA:22,2,1,2
BRDA:26,3,0,1
BRDA:26,3,1,1
BRF:7
BRH:7
end_of_record
