{"/media/mohamed/Local/Projects/node/node-microservices/ticketing/payments/src/app.ts": {"path":"/media/mohamed/Local/Projects/node/node-microservices/ticketing/payments/src/app.ts","statementMap":{"0":{"start":{"line":1,"column":0},"end":{"line":1,"column":30}},"1":{"start":{"line":2,"column":0},"end":{"line":2,"column":30}},"2":{"start":{"line":3,"column":0},"end":{"line":3,"column":37}},"3":{"start":{"line":4,"column":0},"end":{"line":4,"column":43}},"4":{"start":{"line":5,"column":0},"end":{"line":5,"column":28}},"5":{"start":{"line":6,"column":0},"end":{"line":6,"column":93}},"6":{"start":{"line":7,"column":0},"end":{"line":7,"column":50}},"7":{"start":{"line":11,"column":12},"end":{"line":11,"column":21}},"8":{"start":{"line":27,"column":9},"end":{"line":27,"column":12}},"9":{"start":{"line":13,"column":0},"end":{"line":13,"column":29}},"10":{"start":{"line":14,"column":0},"end":{"line":14,"column":27}},"11":{"start":{"line":15,"column":0},"end":{"line":15,"column":81}},"12":{"start":{"line":16,"column":0},"end":{"line":16,"column":28}},"13":{"start":{"line":17,"column":0},"end":{"line":17,"column":21}},"14":{"start":{"line":19,"column":0},"end":{"line":19,"column":28}},"15":{"start":{"line":21,"column":0},"end":{"line":23,"column":3}},"16":{"start":{"line":21,"column":13},"end":{"line":23,"column":2}},"17":{"start":{"line":22,"column":2},"end":{"line":22,"column":28}},"18":{"start":{"line":25,"column":0},"end":{"line":25,"column":22}}},"fnMap":{"0":{"name":"(anonymous_14)","decl":{"start":{"line":21,"column":13},"end":{"line":21,"column":null}},"loc":{"start":{"line":21,"column":13},"end":{"line":23,"column":2}}}},"branchMap":{},"s":{"0":1,"1":1,"2":1,"3":1,"4":1,"5":1,"6":1,"7":1,"8":1,"9":1,"10":1,"11":1,"12":1,"13":1,"14":1,"15":1,"16":0,"17":0,"18":1},"f":{"0":0},"b":{}}
,"/media/mohamed/Local/Projects/node/node-microservices/ticketing/payments/src/stripe.ts": {"path":"/media/mohamed/Local/Projects/node/node-microservices/ticketing/payments/src/stripe.ts","statementMap":{"0":{"start":{"line":1,"column":0},"end":{"line":1,"column":28}},"1":{"start":{"line":3,"column":13},"end":{"line":5,"column":3}}},"fnMap":{},"branchMap":{},"s":{"0":1,"1":1},"f":{},"b":{}}
,"/media/mohamed/Local/Projects/node/node-microservices/ticketing/payments/src/events/listeners/order-cancelled-listener.ts": {"path":"/media/mohamed/Local/Projects/node/node-microservices/ticketing/payments/src/events/listeners/order-cancelled-listener.ts","statementMap":{"0":{"start":{"line":1,"column":0},"end":{"line":1,"column":93}},"1":{"start":{"line":3,"column":0},"end":{"line":3,"column":43}},"2":{"start":{"line":4,"column":0},"end":{"line":4,"column":52}},"3":{"start":{"line":6,"column":0},"end":{"line":6,"column":73}},"4":{"start":{"line":6,"column":44},"end":{"line":6,"column":52}},"5":{"start":{"line":6,"column":0},"end":{"line":6,"column":13}},"6":{"start":{"line":7,"column":2},"end":{"line":7,"column":61}},"7":{"start":{"line":8,"column":2},"end":{"line":8,"column":42}},"8":{"start":{"line":10,"column":8},"end":{"line":22,"column":null}},"9":{"start":{"line":11,"column":18},"end":{"line":11,"column":null}},"10":{"start":{"line":11,"column":10},"end":{"line":11,"column":null}},"11":{"start":{"line":13,"column":4},"end":{"line":15,"column":null}},"12":{"start":{"line":14,"column":6},"end":{"line":14,"column":41}},"13":{"start":{"line":17,"column":4},"end":{"line":17,"column":40}},"14":{"start":{"line":19,"column":4},"end":{"line":19,"column":23}},"15":{"start":{"line":21,"column":4},"end":{"line":21,"column":14}},"16":{"start":{"line":24,"column":0},"end":{"line":24,"column":null}},"17":{"start":{"line":6,"column":13},"end":{"line":6,"column":35}}},"fnMap":{"0":{"name":"(anonymous_19)","decl":{"start":{"line":6,"column":0},"end":{"line":6,"column":13}},"loc":{"start":{"line":6,"column":0},"end":{"line":24,"column":null}}},"1":{"name":"(anonymous_21)","decl":{"start":{"line":10,"column":2},"end":{"line":10,"column":8}},"loc":{"start":{"line":10,"column":65},"end":{"line":22,"column":null}}}},"branchMap":{"0":{"loc":{"start":{"line":6,"column":0},"end":{"line":6,"column":13}},"type":"binary-expr","locations":[{"start":{"line":6,"column":0},"end":{"line":6,"column":13}},{"start":{"line":6,"column":0},"end":{"line":6,"column":13}},{"start":{"line":6,"column":0},"end":{"line":6,"column":13}}]},"1":{"loc":{"start":{"line":11,"column":18},"end":{"line":11,"column":null}},"type":"switch","locations":[{"start":{"line":11,"column":18},"end":{"line":11,"column":null}}]},"2":{"loc":{"start":{"line":13,"column":4},"end":{"line":15,"column":null}},"type":"if","locations":[{"start":{"line":13,"column":4},"end":{"line":15,"column":null}},{"start":{"line":13,"column":4},"end":{"line":15,"column":null}}]}},"s":{"0":1,"1":1,"2":1,"3":1,"4":1,"5":2,"6":2,"7":2,"8":1,"9":2,"10":2,"11":2,"12":0,"13":2,"14":4,"15":2,"16":1,"17":1},"f":{"0":3,"1":2},"b":{"0":[2,2,2],"1":[2],"2":[0,2]}}
,"/media/mohamed/Local/Projects/node/node-microservices/ticketing/payments/src/events/listeners/order-created-listener.ts": {"path":"/media/mohamed/Local/Projects/node/node-microservices/ticketing/payments/src/events/listeners/order-created-listener.ts","statementMap":{"0":{"start":{"line":1,"column":0},"end":{"line":1,"column":91}},"1":{"start":{"line":3,"column":0},"end":{"line":3,"column":43}},"2":{"start":{"line":4,"column":0},"end":{"line":4,"column":52}},"3":{"start":{"line":6,"column":0},"end":{"line":6,"column":69}},"4":{"start":{"line":6,"column":42},"end":{"line":6,"column":50}},"5":{"start":{"line":6,"column":0},"end":{"line":6,"column":13}},"6":{"start":{"line":7,"column":2},"end":{"line":7,"column":57}},"7":{"start":{"line":8,"column":2},"end":{"line":8,"column":42}},"8":{"start":{"line":10,"column":8},"end":{"line":22,"column":null}},"9":{"start":{"line":11,"column":10},"end":{"line":17,"column":7}},"10":{"start":{"line":19,"column":4},"end":{"line":19,"column":23}},"11":{"start":{"line":21,"column":4},"end":{"line":21,"column":14}},"12":{"start":{"line":24,"column":0},"end":{"line":24,"column":null}},"13":{"start":{"line":6,"column":13},"end":{"line":6,"column":33}}},"fnMap":{"0":{"name":"(anonymous_19)","decl":{"start":{"line":6,"column":0},"end":{"line":6,"column":13}},"loc":{"start":{"line":6,"column":0},"end":{"line":24,"column":null}}},"1":{"name":"(anonymous_21)","decl":{"start":{"line":10,"column":2},"end":{"line":10,"column":8}},"loc":{"start":{"line":10,"column":63},"end":{"line":22,"column":null}}}},"branchMap":{"0":{"loc":{"start":{"line":6,"column":0},"end":{"line":6,"column":13}},"type":"binary-expr","locations":[{"start":{"line":6,"column":0},"end":{"line":6,"column":13}},{"start":{"line":6,"column":0},"end":{"line":6,"column":13}},{"start":{"line":6,"column":0},"end":{"line":6,"column":13}}]}},"s":{"0":1,"1":1,"2":1,"3":1,"4":1,"5":2,"6":2,"7":2,"8":1,"9":2,"10":4,"11":2,"12":1,"13":1},"f":{"0":3,"1":2},"b":{"0":[2,2,2]}}
,"/media/mohamed/Local/Projects/node/node-microservices/ticketing/payments/src/events/listeners/queue-group-name.ts": {"path":"/media/mohamed/Local/Projects/node/node-microservices/ticketing/payments/src/events/listeners/queue-group-name.ts","statementMap":{"0":{"start":{"line":1,"column":13},"end":{"line":1,"column":49}}},"fnMap":{},"branchMap":{},"s":{"0":2},"f":{},"b":{}}
,"/media/mohamed/Local/Projects/node/node-microservices/ticketing/payments/src/models/order.ts": {"path":"/media/mohamed/Local/Projects/node/node-microservices/ticketing/payments/src/models/order.ts","statementMap":{"0":{"start":{"line":1,"column":0},"end":{"line":1,"column":52}},"1":{"start":{"line":2,"column":0},"end":{"line":2,"column":32}},"2":{"start":{"line":3,"column":0},"end":{"line":3,"column":67}},"3":{"start":{"line":24,"column":20},"end":{"line":45,"column":2}},"4":{"start":{"line":41,"column":6},"end":{"line":41,"column":23}},"5":{"start":{"line":42,"column":6},"end":{"line":42,"column":21}},"6":{"start":{"line":47,"column":0},"end":{"line":47,"column":42}},"7":{"start":{"line":48,"column":0},"end":{"line":48,"column":41}},"8":{"start":{"line":50,"column":0},"end":{"line":58,"column":2}},"9":{"start":{"line":51,"column":2},"end":{"line":57,"column":5}},"10":{"start":{"line":60,"column":14},"end":{"line":60,"column":72}},"11":{"start":{"line":62,"column":9},"end":{"line":62,"column":14}}},"fnMap":{"0":{"name":"(anonymous_1)","decl":{"start":{"line":40,"column":13},"end":{"line":40,"column":14}},"loc":{"start":{"line":40,"column":22},"end":{"line":43,"column":5}}},"1":{"name":"(anonymous_2)","decl":{"start":{"line":50,"column":28},"end":{"line":50,"column":29}},"loc":{"start":{"line":50,"column":46},"end":{"line":58,"column":1}}}},"branchMap":{},"s":{"0":3,"1":3,"2":3,"3":3,"4":0,"5":0,"6":3,"7":3,"8":3,"9":7,"10":3,"11":3},"f":{"0":0,"1":7},"b":{}}
,"/media/mohamed/Local/Projects/node/node-microservices/ticketing/payments/src/models/payment.ts": {"path":"/media/mohamed/Local/Projects/node/node-microservices/ticketing/payments/src/models/payment.ts","statementMap":{"0":{"start":{"line":1,"column":0},"end":{"line":1,"column":32}},"1":{"start":{"line":17,"column":22},"end":{"line":33,"column":2}},"2":{"start":{"line":29,"column":6},"end":{"line":29,"column":23}},"3":{"start":{"line":30,"column":6},"end":{"line":30,"column":21}},"4":{"start":{"line":35,"column":0},"end":{"line":37,"column":2}},"5":{"start":{"line":36,"column":2},"end":{"line":36,"column":28}},"6":{"start":{"line":39,"column":16},"end":{"line":39,"column":82}},"7":{"start":{"line":41,"column":9},"end":{"line":41,"column":16}}},"fnMap":{"0":{"name":"(anonymous_1)","decl":{"start":{"line":28,"column":13},"end":{"line":28,"column":14}},"loc":{"start":{"line":28,"column":22},"end":{"line":31,"column":5}}},"1":{"name":"(anonymous_2)","decl":{"start":{"line":35,"column":30},"end":{"line":35,"column":31}},"loc":{"start":{"line":35,"column":50},"end":{"line":37,"column":1}}}},"branchMap":{},"s":{"0":1,"1":1,"2":0,"3":0,"4":1,"5":1,"6":1,"7":1},"f":{"0":0,"1":1},"b":{}}
,"/media/mohamed/Local/Projects/node/node-microservices/ticketing/payments/src/routes/new.ts": {"path":"/media/mohamed/Local/Projects/node/node-microservices/ticketing/payments/src/routes/new.ts","statementMap":{"0":{"start":{"line":1,"column":0},"end":{"line":1,"column":134}},"1":{"start":{"line":2,"column":0},"end":{"line":2,"column":53}},"2":{"start":{"line":3,"column":0},"end":{"line":3,"column":41}},"3":{"start":{"line":4,"column":0},"end":{"line":4,"column":40}},"4":{"start":{"line":5,"column":0},"end":{"line":5,"column":44}},"5":{"start":{"line":6,"column":0},"end":{"line":6,"column":35}},"6":{"start":{"line":8,"column":15},"end":{"line":8,"column":31}},"7":{"start":{"line":52,"column":19},"end":{"line":52,"column":37}},"8":{"start":{"line":10,"column":0},"end":{"line":50,"column":2}},"9":{"start":{"line":16,"column":36},"end":{"line":49,"column":null}},"10":{"start":{"line":17,"column":10},"end":{"line":17,"column":31}},"11":{"start":{"line":19,"column":18},"end":{"line":19,"column":null}},"12":{"start":{"line":19,"column":10},"end":{"line":19,"column":null}},"13":{"start":{"line":21,"column":4},"end":{"line":23,"column":null}},"14":{"start":{"line":22,"column":6},"end":{"line":22,"column":32}},"15":{"start":{"line":25,"column":4},"end":{"line":25,"column":47}},"16":{"start":{"line":26,"column":4},"end":{"line":28,"column":null}},"17":{"start":{"line":27,"column":6},"end":{"line":27,"column":37}},"18":{"start":{"line":31,"column":4},"end":{"line":33,"column":null}},"19":{"start":{"line":32,"column":6},"end":{"line":32,"column":68}},"20":{"start":{"line":35,"column":25},"end":{"line":39,"column":null}},"21":{"start":{"line":35,"column":10},"end":{"line":39,"column":null}},"22":{"start":{"line":41,"column":10},"end":{"line":44,"column":7}},"23":{"start":{"line":46,"column":4},"end":{"line":46,"column":25}},"24":{"start":{"line":48,"column":4},"end":{"line":48,"column":42}}},"fnMap":{"0":{"name":"(anonymous_14)","decl":{"start":{"line":16,"column":2},"end":{"line":16,"column":9}},"loc":{"start":{"line":16,"column":36},"end":{"line":49,"column":null}}},"1":{"name":"(anonymous_15)","decl":{"start":{"line":16,"column":36},"end":{"line":16,"column":null}},"loc":{"start":{"line":16,"column":36},"end":{"line":49,"column":null}}}},"branchMap":{"0":{"loc":{"start":{"line":21,"column":4},"end":{"line":23,"column":null}},"type":"if","locations":[{"start":{"line":21,"column":4},"end":{"line":23,"column":null}},{"start":{"line":21,"column":4},"end":{"line":23,"column":null}}]},"1":{"loc":{"start":{"line":25,"column":41},"end":{"line":25,"column":43}},"type":"cond-expr","locations":[{"start":{"line":25,"column":41},"end":{"line":25,"column":43}},{"start":{"line":25,"column":41},"end":{"line":25,"column":45}}]},"2":{"loc":{"start":{"line":25,"column":24},"end":{"line":25,"column":43}},"type":"binary-expr","locations":[{"start":{"line":25,"column":24},"end":{"line":25,"column":43}},{"start":{"line":25,"column":41},"end":{"line":25,"column":43}}]},"3":{"loc":{"start":{"line":26,"column":4},"end":{"line":28,"column":null}},"type":"if","locations":[{"start":{"line":26,"column":4},"end":{"line":28,"column":null}},{"start":{"line":26,"column":4},"end":{"line":28,"column":null}}]},"4":{"loc":{"start":{"line":26,"column":40},"end":{"line":26,"column":42}},"type":"cond-expr","locations":[{"start":{"line":26,"column":40},"end":{"line":26,"column":42}},{"start":{"line":26,"column":40},"end":{"line":26,"column":44}}]},"5":{"loc":{"start":{"line":26,"column":20},"end":{"line":26,"column":42}},"type":"binary-expr","locations":[{"start":{"line":26,"column":20},"end":{"line":26,"column":42}},{"start":{"line":26,"column":40},"end":{"line":26,"column":42}}]},"6":{"loc":{"start":{"line":31,"column":4},"end":{"line":33,"column":null}},"type":"if","locations":[{"start":{"line":31,"column":4},"end":{"line":33,"column":null}},{"start":{"line":31,"column":4},"end":{"line":33,"column":null}}]}},"s":{"0":1,"1":1,"2":1,"3":1,"4":1,"5":1,"6":1,"7":1,"8":1,"9":3,"10":3,"11":3,"12":3,"13":3,"14":1,"15":2,"16":2,"17":0,"18":2,"19":1,"20":1,"21":1,"22":1,"23":2,"24":1},"f":{"0":3,"1":3},"b":{"0":[1,2],"1":[0,2],"2":[2,2],"3":[0,2],"4":[0,2],"5":[2,2],"6":[1,1]}}
}
