TN:
SF:src/app.ts
FN:21,(anonymous_14)
FNF:1
FNH:0
FNDA:0,(anonymous_14)
DA:1,1
DA:2,1
DA:3,1
DA:4,1
DA:5,1
DA:6,1
DA:7,1
DA:11,1
DA:13,1
DA:14,1
DA:15,1
DA:16,1
DA:17,1
DA:19,1
DA:21,1
DA:22,0
DA:25,1
DA:27,1
LF:18
LH:17
BRF:0
BRH:0
end_of_record
TN:
SF:src/stripe.ts
FNF:0
FNH:0
DA:1,1
DA:3,1
LF:2
LH:2
BRF:0
BRH:0
end_of_record
TN:
SF:src/events/listeners/order-cancelled-listener.ts
FN:6,(anonymous_19)
FN:10,(anonymous_21)
FNF:2
FNH:2
FNDA:3,(anonymous_19)
FNDA:2,(anonymous_21)
DA:1,1
DA:3,1
DA:4,1
DA:6,2
DA:7,2
DA:8,2
DA:10,1
DA:11,2
DA:13,2
DA:14,0
DA:17,2
DA:19,4
DA:21,2
DA:24,1
LF:14
LH:13
BRDA:6,0,0,2
BRDA:6,0,1,2
BRDA:6,0,2,2
BRDA:11,1,0,2
BRDA:13,2,0,0
BRDA:13,2,1,2
BRF:6
BRH:5
end_of_record
TN:
SF:src/events/listeners/order-created-listener.ts
FN:6,(anonymous_19)
FN:10,(anonymous_21)
FNF:2
FNH:2
FNDA:3,(anonymous_19)
FNDA:2,(anonymous_21)
DA:1,1
DA:3,1
DA:4,1
DA:6,2
DA:7,2
DA:8,2
DA:10,1
DA:11,2
DA:19,4
DA:21,2
DA:24,1
LF:11
LH:11
BRDA:6,0,0,2
BRDA:6,0,1,2
BRDA:6,0,2,2
BRF:3
BRH:3
end_of_record
TN:
SF:src/events/listeners/queue-group-name.ts
FNF:0
FNH:0
DA:1,2
LF:1
LH:1
BRF:0
BRH:0
end_of_record
TN:
SF:src/models/order.ts
FN:40,(anonymous_1)
FN:50,(anonymous_2)
FNF:2
FNH:1
FNDA:0,(anonymous_1)
FNDA:7,(anonymous_2)
DA:1,3
DA:2,3
DA:3,3
DA:24,3
DA:41,0
DA:42,0
DA:47,3
DA:48,3
DA:50,3
DA:51,7
DA:60,3
DA:62,3
LF:12
LH:10
BRF:0
BRH:0
end_of_record
TN:
SF:src/models/payment.ts
FN:28,(anonymous_1)
FN:35,(anonymous_2)
FNF:2
FNH:1
FNDA:0,(anonymous_1)
FNDA:1,(anonymous_2)
DA:1,1
DA:17,1
DA:29,0
DA:30,0
DA:35,1
DA:36,1
DA:39,1
DA:41,1
LF:8
LH:6
BRF:0
BRH:0
end_of_record
TN:
SF:src/routes/new.ts
FN:16,(anonymous_14)
FN:16,(anonymous_15)
FNF:2
FNH:2
FNDA:3,(anonymous_14)
FNDA:3,(anonymous_15)
DA:1,1
DA:2,1
DA:3,1
DA:4,1
DA:5,1
DA:6,1
DA:8,1
DA:10,1
DA:16,3
DA:17,3
DA:19,3
DA:21,3
DA:22,1
DA:25,2
DA:26,2
DA:27,0
DA:31,2
DA:32,1
DA:35,1
DA:41,1
DA:46,2
DA:48,1
DA:52,1
LF:23
LH:22
BRDA:21,0,0,1
BRDA:21,0,1,2
BRDA:25,1,0,0
BRDA:25,1,1,2
BRDA:25,2,0,2
BRDA:25,2,1,2
BRDA:26,3,0,0
BRDA:26,3,1,2
BRDA:26,4,0,0
BRDA:26,4,1,2
BRDA:26,5,0,2
BRDA:26,5,1,2
BRDA:31,6,0,1
BRDA:31,6,1,1
BRF:14
BRH:11
end_of_record
